# JRE version: OpenJDK Runtime Environment Temurin-21.0.10+7 (21.0.10+7) (build 21.0.10+7-LTS)
# Java VM: OpenJDK 64-Bit Server VM Temurin-21.0.10+7 (21.0.10+7-LTS, mixed mode, sharing, tiered, compressed oops, compressed class ptrs, g1 gc, windows-amd64)
GC Precious Log:
 CardTable entry size: 512
 Card Set container configuration: InlinePtr #cards 5 size 8 Array Of Cards #cards 12 size 40 Howl #buckets 4 coarsen threshold 1843 Howl Bitmap #cards 512 size 80 coarsen threshold 460 Card regions per heap region 1 cards per card region 2048
 CPUs: 12 total, 12 available
 Memory: 7863M
 Large Page Support: Disabled
 NUMA Support: Disabled
 Compressed Oops: Enabled (32-bit)
 Heap Region Size: 1M
 Heap Min Capacity: 8M
 Heap Initial Capacity: 124M
 Heap Max Capacity: 1966M
 Pre-touch: Disabled
 Parallel Workers: 10
 Concurrent Workers: 3
 Concurrent Refinement Workers: 10
 Periodic GC: Disabled
Heap:
 garbage-first heap   total 126976K, used 47674K [0x0000000085200000, 0x0000000100000000)
  region size 1024K, 30 young (30720K), 2 survivors (2048K)
 Metaspace       used 19302K, committed 19648K, reserved 1114112K
  class space    used 2420K, committed 2560K, reserved 1048576K
GC Heap History (6 events):
Event: 8.400 GC heap before
{Heap before GC invocations=0 (full 0):
 garbage-first heap   total 126976K, used 28672K [0x0000000085200000, 0x0000000100000000)
  region size 1024K, 23 young (23552K), 0 survivors (0K)
 Metaspace       used 3699K, committed 3904K, reserved 1114112K
  class space    used 390K, committed 512K, reserved 1048576K
}
Event: 8.509 GC heap after
{Heap after GC invocations=1 (full 0):
 garbage-first heap   total 126976K, used 13952K [0x0000000085200000, 0x0000000100000000)
  region size 1024K, 3 young (3072K), 3 survivors (3072K)
 Metaspace       used 3699K, committed 3904K, reserved 1114112K
  class space    used 390K, committed 512K, reserved 1048576K
}
Event: 13.272 GC heap before
{Heap before GC invocations=1 (full 0):
 garbage-first heap   total 126976K, used 27264K [0x0000000085200000, 0x0000000100000000)
  region size 1024K, 16 young (16384K), 3 survivors (3072K)
 Metaspace       used 7019K, committed 7232K, reserved 1114112K
  class space    used 825K, committed 896K, reserved 1048576K
}
Event: 13.290 GC heap after
{Heap after GC invocations=2 (full 0):
 garbage-first heap   total 126976K, used 17920K [0x0000000085200000, 0x0000000100000000)
  region size 1024K, 2 young (2048K), 2 survivors (2048K)
 Metaspace       used 7019K, committed 7232K, reserved 1114112K
  class space    used 825K, committed 896K, reserved 1048576K
}
Event: 19.221 GC heap before
{Heap before GC invocations=2 (full 0):
 garbage-first heap   total 126976K, used 36352K [0x0000000085200000, 0x0000000100000000)
  region size 1024K, 21 young (21504K), 2 survivors (2048K)
 Metaspace       used 12373K, committed 12736K, reserved 1114112K
  class space    used 1549K, committed 1728K, reserved 1048576K
}
Event: 19.232 GC heap after
{Heap after GC invocations=3 (full 0):
 garbage-first heap   total 126976K, used 20026K [0x0000000085200000, 0x0000000100000000)
  region size 1024K, 2 young (2048K), 2 survivors (2048K)
 Metaspace       used 12373K, committed 12736K, reserved 1114112K
  class space    used 1549K, committed 1728K, reserved 1048576K
}

