# JRE version: OpenJDK Runtime Environment Temurin-21.0.10+7 (21.0.10+7) (build 21.0.10+7-LTS)
# Java VM: OpenJDK 64-Bit Server VM Temurin-21.0.10+7 (21.0.10+7-LTS, mixed mode, sharing, tiered, compressed oops, compressed class ptrs, parallel gc, windows-amd64)
GC Precious Log:
 CardTable entry size: 512
 CPUs: 12 total, 12 available
 Memory: 7863M
 Large Page Support: Disabled
 NUMA Support: Disabled
 Compressed Oops: Enabled (32-bit)
 Alignments: Space 512K, Generation 512K, Heap 2M
 Heap Min Capacity: 100M
 Heap Initial Capacity: 100M
 Heap Max Capacity: 2G
 Pre-touch: Disabled
 Parallel Workers: 10
Heap:
 PSYoungGen      total 18432K, used 13603K [0x00000000d5580000, 0x00000000d7f00000, 0x0000000100000000)
  eden space 14848K, 67% used [0x00000000d5580000,0x00000000d5f48d30,0x00000000d6400000)
  from space 3584K, 100% used [0x00000000d7280000,0x00000000d7600000,0x00000000d7600000)
  to   space 13824K, 0% used [0x00000000d6400000,0x00000000d6400000,0x00000000d7180000)
 ParOldGen       total 1139200K, used 462252K [0x0000000080000000, 0x00000000c5880000, 0x00000000d5580000)
  object space 1139200K, 40% used [0x0000000080000000,0x000000009c36b180,0x00000000c5880000)
 Metaspace       used 86229K, committed 88000K, reserved 1179648K
  class space    used 9045K, committed 9920K, reserved 1048576K
GC Heap History (20 events):
Event: 4083.757 GC heap before
{Heap before GC invocations=891 (full 4):
 PSYoungGen      total 14848K, used 13205K [0x00000000d5580000, 0x00000000d6580000, 0x0000000100000000)
  eden space 12800K, 100% used [0x00000000d5580000,0x00000000d6200000,0x00000000d6200000)
  from space 2048K, 19% used [0x00000000d6380000,0x00000000d63e57a8,0x00000000d6580000)
  to   space 1536K, 0% used [0x00000000d6200000,0x00000000d6200000,0x00000000d6380000)
 ParOldGen       total 1139200K, used 383191K [0x0000000080000000, 0x00000000c5880000, 0x00000000d5580000)
  object space 1139200K, 33% used [0x0000000080000000,0x0000000097635cb8,0x00000000c5880000)
 Metaspace       used 85646K, committed 87552K, reserved 1179648K
  class space    used 8990K, committed 9856K, reserved 1048576K
}
Event: 4083.762 GC heap after
{Heap after GC invocations=891 (full 4):
 PSYoungGen      total 13312K, used 400K [0x00000000d5580000, 0x00000000d6400000, 0x0000000100000000)
  eden space 12800K, 0% used [0x00000000d5580000,0x00000000d5580000,0x00000000d6200000)
  from space 512K, 78% used [0x00000000d6200000,0x00000000d6264010,0x00000000d6280000)
  to   space 1024K, 0% used [0x00000000d6300000,0x00000000d6300000,0x00000000d6400000)
 ParOldGen       total 1139200K, used 383371K [0x0000000080000000, 0x00000000c5880000, 0x00000000d5580000)
  object space 1139200K, 33% used [0x0000000080000000,0x0000000097662f48,0x00000000c5880000)
 Metaspace       used 85646K, committed 87552K, reserved 1179648K
  class space    used 8990K, committed 9856K, reserved 1048576K
}
Event: 4086.306 GC heap before
{Heap before GC invocations=892 (full 4):
 PSYoungGen      total 13312K, used 12917K [0x00000000d5580000, 0x00000000d6400000, 0x0000000100000000)
  eden space 12800K, 97% used [0x00000000d5580000,0x00000000d61b9630,0x00000000d6200000)
  from space 512K, 78% used [0x00000000d6200000,0x00000000d6264010,0x00000000d6280000)
  to   space 1024K, 0% used [0x00000000d6300000,0x00000000d6300000,0x00000000d6400000)
 ParOldGen       total 1139200K, used 383371K [0x0000000080000000, 0x00000000c5880000, 0x00000000d5580000)
  object space 1139200K, 33% used [0x0000000080000000,0x0000000097662f48,0x00000000c5880000)
 Metaspace       used 85870K, committed 87744K, reserved 1179648K
  class space    used 9023K, committed 9920K, reserved 1048576K
}
Event: 4086.312 GC heap after
{Heap after GC invocations=892 (full 4):
 PSYoungGen      total 13312K, used 1014K [0x00000000d5580000, 0x00000000d6500000, 0x0000000100000000)
  eden space 12288K, 0% used [0x00000000d5580000,0x00000000d5580000,0x00000000d6180000)
  from space 1024K, 99% used [0x00000000d6300000,0x00000000d63fd988,0x00000000d6400000)
  to   space 1536K, 0% used [0x00000000d6180000,0x00000000d6180000,0x00000000d6300000)
 ParOldGen       total 1139200K, used 383683K [0x0000000080000000, 0x00000000c5880000, 0x00000000d5580000)
  object space 1139200K, 33% used [0x0000000080000000,0x00000000976b0f68,0x00000000c5880000)
 Metaspace       used 85870K, committed 87744K, reserved 1179648K
  class space    used 9023K, committed 9920K, reserved 1048576K
}
Event: 4086.430 GC heap before
{Heap before GC invocations=893 (full 4):
 PSYoungGen      total 13312K, used 13302K [0x00000000d5580000, 0x00000000d6500000, 0x0000000100000000)
  eden space 12288K, 100% used [0x00000000d5580000,0x00000000d6180000,0x00000000d6180000)
  from space 1024K, 99% used [0x00000000d6300000,0x00000000d63fd988,0x00000000d6400000)
  to   space 1536K, 0% used [0x00000000d6180000,0x00000000d6180000,0x00000000d6300000)
 ParOldGen       total 1139200K, used 383683K [0x0000000080000000, 0x00000000c5880000, 0x00000000d5580000)
  object space 1139200K, 33% used [0x0000000080000000,0x00000000976b0f68,0x00000000c5880000)
 Metaspace       used 85876K, committed 87744K, reserved 1179648K
  class space    used 9023K, committed 9920K, reserved 1048576K
}
Event: 4086.469 GC heap after
{Heap after GC invocations=893 (full 4):
 PSYoungGen      total 13824K, used 1532K [0x00000000d5580000, 0x00000000d7480000, 0x0000000100000000)
  eden space 12288K, 0% used [0x00000000d5580000,0x00000000d5580000,0x00000000d6180000)
  from space 1536K, 99% used [0x00000000d6180000,0x00000000d62ff088,0x00000000d6300000)
  to   space 9728K, 0% used [0x00000000d6b00000,0x00000000d6b00000,0x00000000d7480000)
 ParOldGen       total 1139200K, used 390220K [0x0000000080000000, 0x00000000c5880000, 0x00000000d5580000)
  object space 1139200K, 34% used [0x0000000080000000,0x0000000097d131f0,0x00000000c5880000)
 Metaspace       used 85876K, committed 87744K, reserved 1179648K
  class space    used 9023K, committed 9920K, reserved 1048576K
}
Event: 4086.582 GC heap before
{Heap before GC invocations=894 (full 4):
 PSYoungGen      total 13824K, used 13820K [0x00000000d5580000, 0x00000000d7480000, 0x0000000100000000)
  eden space 12288K, 100% used [0x00000000d5580000,0x00000000d6180000,0x00000000d6180000)
  from space 1536K, 99% used [0x00000000d6180000,0x00000000d62ff088,0x00000000d6300000)
  to   space 9728K, 0% used [0x00000000d6b00000,0x00000000d6b00000,0x00000000d7480000)
 ParOldGen       total 1139200K, used 390220K [0x0000000080000000, 0x00000000c5880000, 0x00000000d5580000)
  object space 1139200K, 34% used [0x0000000080000000,0x0000000097d131f0,0x00000000c5880000)
 Metaspace       used 85907K, committed 87872K, reserved 1179648K
  class space    used 9023K, committed 9920K, reserved 1048576K
}
Event: 4086.597 GC heap after
{Heap after GC invocations=894 (full 4):
 PSYoungGen      total 15872K, used 3118K [0x00000000d5580000, 0x00000000d6e80000, 0x0000000100000000)
  eden space 12288K, 0% used [0x00000000d5580000,0x00000000d5580000,0x00000000d6180000)
  from space 3584K, 87% used [0x00000000d6b00000,0x00000000d6e0bb00,0x00000000d6e80000)
  to   space 5120K, 0% used [0x00000000d6480000,0x00000000d6480000,0x00000000d6980000)
 ParOldGen       total 1139200K, used 391700K [0x0000000080000000, 0x00000000c5880000, 0x00000000d5580000)
  object space 1139200K, 34% used [0x0000000080000000,0x0000000097e85078,0x00000000c5880000)
 Metaspace       used 85907K, committed 87872K, reserved 1179648K
  class space    used 9023K, committed 9920K, reserved 1048576K
}
Event: 4086.939 GC heap before
{Heap before GC invocations=895 (full 4):
 PSYoungGen      total 15872K, used 15406K [0x00000000d5580000, 0x00000000d6e80000, 0x0000000100000000)
  eden space 12288K, 100% used [0x00000000d5580000,0x00000000d6180000,0x00000000d6180000)
  from space 3584K, 87% used [0x00000000d6b00000,0x00000000d6e0bb00,0x00000000d6e80000)
  to   space 5120K, 0% used [0x00000000d6480000,0x00000000d6480000,0x00000000d6980000)
 ParOldGen       total 1139200K, used 391700K [0x0000000080000000, 0x00000000c5880000, 0x00000000d5580000)
  object space 1139200K, 34% used [0x0000000080000000,0x0000000097e85078,0x00000000c5880000)
 Metaspace       used 85914K, committed 87872K, reserved 1179648K
  class space    used 9023K, committed 9920K, reserved 1048576K
}
Event: 4086.972 GC heap after
{Heap after GC invocations=895 (full 4):
 PSYoungGen      total 17408K, used 5113K [0x00000000d5580000, 0x00000000d7c80000, 0x0000000100000000)
  eden space 12288K, 0% used [0x00000000d5580000,0x00000000d5580000,0x00000000d6180000)
  from space 5120K, 99% used [0x00000000d6480000,0x00000000d697e490,0x00000000d6980000)
  to   space 13824K, 0% used [0x00000000d6f00000,0x00000000d6f00000,0x00000000d7c80000)
 ParOldGen       total 1139200K, used 398493K [0x0000000080000000, 0x00000000c5880000, 0x00000000d5580000)
  object space 1139200K, 34% used [0x0000000080000000,0x00000000985274b0,0x00000000c5880000)
 Metaspace       used 85914K, committed 87872K, reserved 1179648K
  class space    used 9023K, committed 9920K, reserved 1048576K
}
Event: 4087.191 GC heap before
{Heap before GC invocations=896 (full 4):
 PSYoungGen      total 17408K, used 17401K [0x00000000d5580000, 0x00000000d7c80000, 0x0000000100000000)
  eden space 12288K, 100% used [0x00000000d5580000,0x00000000d6180000,0x00000000d6180000)
  from space 5120K, 99% used [0x00000000d6480000,0x00000000d697e490,0x00000000d6980000)
  to   space 13824K, 0% used [0x00000000d6f00000,0x00000000d6f00000,0x00000000d7c80000)
 ParOldGen       total 1139200K, used 398493K [0x0000000080000000, 0x00000000c5880000, 0x00000000d5580000)
  object space 1139200K, 34% used [0x0000000080000000,0x00000000985274b0,0x00000000c5880000)
 Metaspace       used 85933K, committed 87872K, reserved 1179648K
  class space    used 9024K, committed 9920K, reserved 1048576K
}
Event: 4087.216 GC heap after
{Heap after GC invocations=896 (full 4):
 PSYoungGen      total 20480K, used 8016K [0x00000000d5580000, 0x00000000d7700000, 0x0000000100000000)
  eden space 12288K, 0% used [0x00000000d5580000,0x00000000d5580000,0x00000000d6180000)
  from space 8192K, 97% used [0x00000000d6f00000,0x00000000d76d4020,0x00000000d7700000)
  to   space 9728K, 0% used [0x00000000d6400000,0x00000000d6400000,0x00000000d6d80000)
 ParOldGen       total 1139200K, used 400530K [0x0000000080000000, 0x00000000c5880000, 0x00000000d5580000)
  object space 1139200K, 35% used [0x0000000080000000,0x00000000987248e0,0x00000000c5880000)
 Metaspace       used 85933K, committed 87872K, reserved 1179648K
  class space    used 9024K, committed 9920K, reserved 1048576K
}
Event: 4087.401 GC heap before
{Heap before GC invocations=897 (full 4):
 PSYoungGen      total 20480K, used 20108K [0x00000000d5580000, 0x00000000d7700000, 0x0000000100000000)
  eden space 12288K, 98% used [0x00000000d5580000,0x00000000d614f1f0,0x00000000d6180000)
  from space 8192K, 97% used [0x00000000d6f00000,0x00000000d76d4020,0x00000000d7700000)
  to   space 9728K, 0% used [0x00000000d6400000,0x00000000d6400000,0x00000000d6d80000)
 ParOldGen       total 1139200K, used 400530K [0x0000000080000000, 0x00000000c5880000, 0x00000000d5580000)
  object space 1139200K, 35% used [0x0000000080000000,0x00000000987248e0,0x00000000c5880000)
 Metaspace       used 85965K, committed 87872K, reserved 1179648K
  class space    used 9024K, committed 9920K, reserved 1048576K
}
Event: 4087.498 GC heap after
{Heap after GC invocations=897 (full 4):
 PSYoungGen      total 22016K, used 9714K [0x00000000d5580000, 0x00000000d8980000, 0x0000000100000000)
  eden space 12288K, 0% used [0x00000000d5580000,0x00000000d5580000,0x00000000d6180000)
  from space 9728K, 99% used [0x00000000d6400000,0x00000000d6d7cbf8,0x00000000d6d80000)
  to   space 20480K, 0% used [0x00000000d7580000,0x00000000d7580000,0x00000000d8980000)
 ParOldGen       total 1139200K, used 409314K [0x0000000080000000, 0x00000000c5880000, 0x00000000d5580000)
  object space 1139200K, 35% used [0x0000000080000000,0x0000000098fb8900,0x00000000c5880000)
 Metaspace       used 85965K, committed 87872K, reserved 1179648K
  class space    used 9024K, committed 9920K, reserved 1048576K
}
Event: 4088.231 GC heap before
{Heap before GC invocations=898 (full 4):
 PSYoungGen      total 22016K, used 22002K [0x00000000d5580000, 0x00000000d8980000, 0x0000000100000000)
  eden space 12288K, 100% used [0x00000000d5580000,0x00000000d6180000,0x00000000d6180000)
  from space 9728K, 99% used [0x00000000d6400000,0x00000000d6d7cbf8,0x00000000d6d80000)
  to   space 20480K, 0% used [0x00000000d7580000,0x00000000d7580000,0x00000000d8980000)
 ParOldGen       total 1139200K, used 416994K [0x0000000080000000, 0x00000000c5880000, 0x00000000d5580000)
  object space 1139200K, 36% used [0x0000000080000000,0x0000000099738910,0x00000000c5880000)
 Metaspace       used 86024K, committed 87872K, reserved 1179648K
  class space    used 9028K, committed 9920K, reserved 1048576K
}
Event: 4088.315 GC heap after
{Heap after GC invocations=898 (full 4):
 PSYoungGen      total 17920K, used 5535K [0x00000000d5580000, 0x00000000d7b00000, 0x0000000100000000)
  eden space 12288K, 0% used [0x00000000d5580000,0x00000000d5580000,0x00000000d6180000)
  from space 5632K, 98% used [0x00000000d7580000,0x00000000d7ae7d20,0x00000000d7b00000)
  to   space 10752K, 0% used [0x00000000d6600000,0x00000000d6600000,0x00000000d7080000)
 ParOldGen       total 1139200K, used 425666K [0x0000000080000000, 0x00000000c5880000, 0x00000000d5580000)
  object space 1139200K, 37% used [0x0000000080000000,0x0000000099fb0930,0x00000000c5880000)
 Metaspace       used 86024K, committed 87872K, reserved 1179648K
  class space    used 9028K, committed 9920K, reserved 1048576K
}
Event: 4088.964 GC heap before
{Heap before GC invocations=899 (full 4):
 PSYoungGen      total 17920K, used 17823K [0x00000000d5580000, 0x00000000d7b00000, 0x0000000100000000)
  eden space 12288K, 100% used [0x00000000d5580000,0x00000000d6180000,0x00000000d6180000)
  from space 5632K, 98% used [0x00000000d7580000,0x00000000d7ae7d20,0x00000000d7b00000)
  to   space 10752K, 0% used [0x00000000d6600000,0x00000000d6600000,0x00000000d7080000)
 ParOldGen       total 1139200K, used 437186K [0x0000000080000000, 0x00000000c5880000, 0x00000000d5580000)
  object space 1139200K, 38% used [0x0000000080000000,0x000000009aaf0940,0x00000000c5880000)
 Metaspace       used 86024K, committed 87872K, reserved 1179648K
  class space    used 9028K, committed 9920K, reserved 1048576K
}
Event: 4089.301 GC heap after
{Heap after GC invocations=899 (full 4):
 PSYoungGen      total 25600K, used 736K [0x00000000d5580000, 0x00000000d7600000, 0x0000000100000000)
  eden space 14848K, 0% used [0x00000000d5580000,0x00000000d5580000,0x00000000d6400000)
  from space 10752K, 6% used [0x00000000d6600000,0x00000000d66b8000,0x00000000d7080000)
  to   space 3584K, 0% used [0x00000000d7280000,0x00000000d7280000,0x00000000d7600000)
 ParOldGen       total 1139200K, used 454132K [0x0000000080000000, 0x00000000c5880000, 0x00000000d5580000)
  object space 1139200K, 39% used [0x0000000080000000,0x000000009bb7d180,0x00000000c5880000)
 Metaspace       used 86024K, committed 87872K, reserved 1179648K
  class space    used 9028K, committed 9920K, reserved 1048576K
}
Event: 4134.954 GC heap before
{Heap before GC invocations=900 (full 4):
 PSYoungGen      total 25600K, used 15584K [0x00000000d5580000, 0x00000000d7600000, 0x0000000100000000)
  eden space 14848K, 100% used [0x00000000d5580000,0x00000000d6400000,0x00000000d6400000)
  from space 10752K, 6% used [0x00000000d6600000,0x00000000d66b8000,0x00000000d7080000)
  to   space 3584K, 0% used [0x00000000d7280000,0x00000000d7280000,0x00000000d7600000)
 ParOldGen       total 1139200K, used 454132K [0x0000000080000000, 0x00000000c5880000, 0x00000000d5580000)
  object space 1139200K, 39% used [0x0000000080000000,0x000000009bb7d180,0x00000000c5880000)
 Metaspace       used 86058K, committed 87872K, reserved 1179648K
  class space    used 9028K, committed 9920K, reserved 1048576K
}
Event: 4135.148 GC heap after
{Heap after GC invocations=900 (full 4):
 PSYoungGen      total 18432K, used 3584K [0x00000000d5580000, 0x00000000d7f00000, 0x0000000100000000)
  eden space 14848K, 0% used [0x00000000d5580000,0x00000000d5580000,0x00000000d6400000)
  from space 3584K, 100% used [0x00000000d7280000,0x00000000d7600000,0x00000000d7600000)
  to   space 13824K, 0% used [0x00000000d6400000,0x00000000d6400000,0x00000000d7180000)
 ParOldGen       total 1139200K, used 462252K [0x0000000080000000, 0x00000000c5880000, 0x00000000d5580000)
  object space 1139200K, 40% used [0x0000000080000000,0x000000009c36b180,0x00000000c5880000)
 Metaspace       used 86058K, committed 87872K, reserved 1179648K
  class space    used 9028K, committed 9920K, reserved 1048576K
}

