# JRE version: OpenJDK Runtime Environment Temurin-21.0.10+7 (21.0.10+7) (build 21.0.10+7-LTS)
# Java VM: OpenJDK 64-Bit Server VM Temurin-21.0.10+7 (21.0.10+7-LTS, mixed mode, sharing, tiered, compressed oops, compressed class ptrs, parallel gc, windows-amd64)
GC Precious Log:
 CardTable entry size: 512
 CPUs: 12 total, 12 available
 Memory: 7863M
 Large Page Support: Disabled
 NUMA Support: Disabled
 Compressed Oops: Enabled (32-bit)
 Alignments: Space 512K, Generation 512K, Heap 2M
 Heap Min Capacity: 100M
 Heap Initial Capacity: 100M
 Heap Max Capacity: 2G
 Pre-touch: Disabled
 Parallel Workers: 10
Heap:
 PSYoungGen      total 1536K, used 600K [0x00000000d5580000, 0x00000000d5880000, 0x0000000100000000)
  eden space 1024K, 27% used [0x00000000d5580000,0x00000000d55c6360,0x00000000d5680000)
  from space 512K, 62% used [0x00000000d5800000,0x00000000d5850020,0x00000000d5880000)
  to   space 512K, 0% used [0x00000000d5780000,0x00000000d5780000,0x00000000d5800000)
 ParOldGen       total 301568K, used 301191K [0x0000000080000000, 0x0000000092680000, 0x00000000d5580000)
  object space 301568K, 99% used [0x0000000080000000,0x0000000092621dd8,0x0000000092680000)
 Metaspace       used 79429K, committed 81152K, reserved 1179648K
  class space    used 8481K, committed 9280K, reserved 1048576K
GC Heap History (20 events):
Event: 1823.851 GC heap before
{Heap before GC invocations=446 (full 3):
 PSYoungGen      total 2048K, used 1788K [0x00000000d5580000, 0x00000000d5880000, 0x0000000100000000)
  eden space 1024K, 99% used [0x00000000d5580000,0x00000000d567f090,0x00000000d5680000)
  from space 1024K, 75% used [0x00000000d5780000,0x00000000d5840010,0x00000000d5880000)
  to   space 1024K, 0% used [0x00000000d5680000,0x00000000d5680000,0x00000000d5780000)
 ParOldGen       total 299008K, used 298885K [0x0000000080000000, 0x0000000092400000, 0x00000000d5580000)
  object space 299008K, 99% used [0x0000000080000000,0x00000000923e1758,0x0000000092400000)
 Metaspace       used 79418K, committed 81088K, reserved 1179648K
  class space    used 8481K, committed 9280K, reserved 1048576K
}
Event: 1823.857 GC heap after
{Heap after GC invocations=446 (full 3):
 PSYoungGen      total 2048K, used 896K [0x00000000d5580000, 0x00000000d5900000, 0x0000000100000000)
  eden space 1024K, 0% used [0x00000000d5580000,0x00000000d5580000,0x00000000d5680000)
  from space 1024K, 87% used [0x00000000d5680000,0x00000000d5760100,0x00000000d5780000)
  to   space 1024K, 0% used [0x00000000d5800000,0x00000000d5800000,0x00000000d5900000)
 ParOldGen       total 300032K, used 299533K [0x0000000080000000, 0x0000000092500000, 0x00000000d5580000)
  object space 300032K, 99% used [0x0000000080000000,0x0000000092483768,0x0000000092500000)
 Metaspace       used 79418K, committed 81088K, reserved 1179648K
  class space    used 8481K, committed 9280K, reserved 1048576K
}
Event: 1823.933 GC heap before
{Heap before GC invocations=447 (full 3):
 PSYoungGen      total 2048K, used 1908K [0x00000000d5580000, 0x00000000d5900000, 0x0000000100000000)
  eden space 1024K, 98% used [0x00000000d5580000,0x00000000d567d1e8,0x00000000d5680000)
  from space 1024K, 87% used [0x00000000d5680000,0x00000000d5760100,0x00000000d5780000)
  to   space 1024K, 0% used [0x00000000d5800000,0x00000000d5800000,0x00000000d5900000)
 ParOldGen       total 301056K, used 300335K [0x0000000080000000, 0x0000000092600000, 0x00000000d5580000)
  object space 301056K, 99% used [0x0000000080000000,0x000000009254bdb8,0x0000000092600000)
 Metaspace       used 79418K, committed 81088K, reserved 1179648K
  class space    used 8481K, committed 9280K, reserved 1048576K
}
Event: 1823.938 GC heap after
{Heap after GC invocations=447 (full 3):
 PSYoungGen      total 1536K, used 224K [0x00000000d5580000, 0x00000000d5880000, 0x0000000100000000)
  eden space 1024K, 0% used [0x00000000d5580000,0x00000000d5580000,0x00000000d5680000)
  from space 512K, 43% used [0x00000000d5800000,0x00000000d5838000,0x00000000d5880000)
  to   space 512K, 0% used [0x00000000d5780000,0x00000000d5780000,0x00000000d5800000)
 ParOldGen       total 301056K, used 300799K [0x0000000080000000, 0x0000000092600000, 0x00000000d5580000)
  object space 301056K, 99% used [0x0000000080000000,0x00000000925bfdb8,0x0000000092600000)
 Metaspace       used 79418K, committed 81088K, reserved 1179648K
  class space    used 8481K, committed 9280K, reserved 1048576K
}
Event: 1824.160 GC heap before
{Heap before GC invocations=448 (full 3):
 PSYoungGen      total 1536K, used 1248K [0x00000000d5580000, 0x00000000d5880000, 0x0000000100000000)
  eden space 1024K, 100% used [0x00000000d5580000,0x00000000d5680000,0x00000000d5680000)
  from space 512K, 43% used [0x00000000d5800000,0x00000000d5838000,0x00000000d5880000)
  to   space 512K, 0% used [0x00000000d5780000,0x00000000d5780000,0x00000000d5800000)
 ParOldGen       total 301056K, used 300799K [0x0000000080000000, 0x0000000092600000, 0x00000000d5580000)
  object space 301056K, 99% used [0x0000000080000000,0x00000000925bfdb8,0x0000000092600000)
 Metaspace       used 79418K, committed 81088K, reserved 1179648K
  class space    used 8481K, committed 9280K, reserved 1048576K
}
Event: 1824.162 GC heap after
{Heap after GC invocations=448 (full 3):
 PSYoungGen      total 1536K, used 192K [0x00000000d5580000, 0x00000000d5880000, 0x0000000100000000)
  eden space 1024K, 0% used [0x00000000d5580000,0x00000000d5580000,0x00000000d5680000)
  from space 512K, 37% used [0x00000000d5780000,0x00000000d57b0000,0x00000000d5800000)
  to   space 512K, 0% used [0x00000000d5800000,0x00000000d5800000,0x00000000d5880000)
 ParOldGen       total 301056K, used 300831K [0x0000000080000000, 0x0000000092600000, 0x00000000d5580000)
  object space 301056K, 99% used [0x0000000080000000,0x00000000925c7db8,0x0000000092600000)
 Metaspace       used 79418K, committed 81088K, reserved 1179648K
  class space    used 8481K, committed 9280K, reserved 1048576K
}
Event: 1824.330 GC heap before
{Heap before GC invocations=449 (full 3):
 PSYoungGen      total 1536K, used 1173K [0x00000000d5580000, 0x00000000d5880000, 0x0000000100000000)
  eden space 1024K, 95% used [0x00000000d5580000,0x00000000d56757e8,0x00000000d5680000)
  from space 512K, 37% used [0x00000000d5780000,0x00000000d57b0000,0x00000000d5800000)
  to   space 512K, 0% used [0x00000000d5800000,0x00000000d5800000,0x00000000d5880000)
 ParOldGen       total 301056K, used 300831K [0x0000000080000000, 0x0000000092600000, 0x00000000d5580000)
  object space 301056K, 99% used [0x0000000080000000,0x00000000925c7db8,0x0000000092600000)
 Metaspace       used 79418K, committed 81088K, reserved 1179648K
  class space    used 8481K, committed 9280K, reserved 1048576K
}
Event: 1824.333 GC heap after
{Heap after GC invocations=449 (full 3):
 PSYoungGen      total 1536K, used 160K [0x00000000d5580000, 0x00000000d5880000, 0x0000000100000000)
  eden space 1024K, 0% used [0x00000000d5580000,0x00000000d5580000,0x00000000d5680000)
  from space 512K, 31% used [0x00000000d5800000,0x00000000d5828000,0x00000000d5880000)
  to   space 512K, 0% used [0x00000000d5780000,0x00000000d5780000,0x00000000d5800000)
 ParOldGen       total 301056K, used 300871K [0x0000000080000000, 0x0000000092600000, 0x00000000d5580000)
  object space 301056K, 99% used [0x0000000080000000,0x00000000925d1db8,0x0000000092600000)
 Metaspace       used 79418K, committed 81088K, reserved 1179648K
  class space    used 8481K, committed 9280K, reserved 1048576K
}
Event: 1824.492 GC heap before
{Heap before GC invocations=450 (full 3):
 PSYoungGen      total 1536K, used 1184K [0x00000000d5580000, 0x00000000d5880000, 0x0000000100000000)
  eden space 1024K, 100% used [0x00000000d5580000,0x00000000d5680000,0x00000000d5680000)
  from space 512K, 31% used [0x00000000d5800000,0x00000000d5828000,0x00000000d5880000)
  to   space 512K, 0% used [0x00000000d5780000,0x00000000d5780000,0x00000000d5800000)
 ParOldGen       total 301056K, used 300871K [0x0000000080000000, 0x0000000092600000, 0x00000000d5580000)
  object space 301056K, 99% used [0x0000000080000000,0x00000000925d1db8,0x0000000092600000)
 Metaspace       used 79418K, committed 81088K, reserved 1179648K
  class space    used 8481K, committed 9280K, reserved 1048576K
}
Event: 1824.536 GC heap after
{Heap after GC invocations=450 (full 3):
 PSYoungGen      total 1536K, used 349K [0x00000000d5580000, 0x00000000d5880000, 0x0000000100000000)
  eden space 1024K, 0% used [0x00000000d5580000,0x00000000d5580000,0x00000000d5680000)
  from space 512K, 68% used [0x00000000d5780000,0x00000000d57d76a8,0x00000000d5800000)
  to   space 512K, 0% used [0x00000000d5800000,0x00000000d5800000,0x00000000d5880000)
 ParOldGen       total 301056K, used 300895K [0x0000000080000000, 0x0000000092600000, 0x00000000d5580000)
  object space 301056K, 99% used [0x0000000080000000,0x00000000925d7db8,0x0000000092600000)
 Metaspace       used 79418K, committed 81088K, reserved 1179648K
  class space    used 8481K, committed 9280K, reserved 1048576K
}
Event: 1825.012 GC heap before
{Heap before GC invocations=451 (full 3):
 PSYoungGen      total 1536K, used 1373K [0x00000000d5580000, 0x00000000d5880000, 0x0000000100000000)
  eden space 1024K, 100% used [0x00000000d5580000,0x00000000d5680000,0x00000000d5680000)
  from space 512K, 68% used [0x00000000d5780000,0x00000000d57d76a8,0x00000000d5800000)
  to   space 512K, 0% used [0x00000000d5800000,0x00000000d5800000,0x00000000d5880000)
 ParOldGen       total 301056K, used 300895K [0x0000000080000000, 0x0000000092600000, 0x00000000d5580000)
  object space 301056K, 99% used [0x0000000080000000,0x00000000925d7db8,0x0000000092600000)
 Metaspace       used 79418K, committed 81088K, reserved 1179648K
  class space    used 8481K, committed 9280K, reserved 1048576K
}
Event: 1825.021 GC heap after
{Heap after GC invocations=451 (full 3):
 PSYoungGen      total 1536K, used 224K [0x00000000d5580000, 0x00000000d5880000, 0x0000000100000000)
  eden space 1024K, 0% used [0x00000000d5580000,0x00000000d5580000,0x00000000d5680000)
  from space 512K, 43% used [0x00000000d5800000,0x00000000d5838000,0x00000000d5880000)
  to   space 512K, 0% used [0x00000000d5780000,0x00000000d5780000,0x00000000d5800000)
 ParOldGen       total 301056K, used 300943K [0x0000000080000000, 0x0000000092600000, 0x00000000d5580000)
  object space 301056K, 99% used [0x0000000080000000,0x00000000925e3db8,0x0000000092600000)
 Metaspace       used 79418K, committed 81088K, reserved 1179648K
  class space    used 8481K, committed 9280K, reserved 1048576K
}
Event: 1826.491 GC heap before
{Heap before GC invocations=452 (full 3):
 PSYoungGen      total 1536K, used 1248K [0x00000000d5580000, 0x00000000d5880000, 0x0000000100000000)
  eden space 1024K, 100% used [0x00000000d5580000,0x00000000d5680000,0x00000000d5680000)
  from space 512K, 43% used [0x00000000d5800000,0x00000000d5838000,0x00000000d5880000)
  to   space 512K, 0% used [0x00000000d5780000,0x00000000d5780000,0x00000000d5800000)
 ParOldGen       total 301056K, used 300943K [0x0000000080000000, 0x0000000092600000, 0x00000000d5580000)
  object space 301056K, 99% used [0x0000000080000000,0x00000000925e3db8,0x0000000092600000)
 Metaspace       used 79418K, committed 81088K, reserved 1179648K
  class space    used 8481K, committed 9280K, reserved 1048576K
}
Event: 1826.497 GC heap after
{Heap after GC invocations=452 (full 3):
 PSYoungGen      total 1536K, used 256K [0x00000000d5580000, 0x00000000d5880000, 0x0000000100000000)
  eden space 1024K, 0% used [0x00000000d5580000,0x00000000d5580000,0x00000000d5680000)
  from space 512K, 50% used [0x00000000d5780000,0x00000000d57c0000,0x00000000d5800000)
  to   space 512K, 0% used [0x00000000d5800000,0x00000000d5800000,0x00000000d5880000)
 ParOldGen       total 301056K, used 300999K [0x0000000080000000, 0x0000000092600000, 0x00000000d5580000)
  object space 301056K, 99% used [0x0000000080000000,0x00000000925f1db8,0x0000000092600000)
 Metaspace       used 79418K, committed 81088K, reserved 1179648K
  class space    used 8481K, committed 9280K, reserved 1048576K
}
Event: 1827.102 GC heap before
{Heap before GC invocations=453 (full 3):
 PSYoungGen      total 1536K, used 1280K [0x00000000d5580000, 0x00000000d5880000, 0x0000000100000000)
  eden space 1024K, 100% used [0x00000000d5580000,0x00000000d5680000,0x00000000d5680000)
  from space 512K, 50% used [0x00000000d5780000,0x00000000d57c0000,0x00000000d5800000)
  to   space 512K, 0% used [0x00000000d5800000,0x00000000d5800000,0x00000000d5880000)
 ParOldGen       total 301056K, used 300999K [0x0000000080000000, 0x0000000092600000, 0x00000000d5580000)
  object space 301056K, 99% used [0x0000000080000000,0x00000000925f1db8,0x0000000092600000)
 Metaspace       used 79418K, committed 81088K, reserved 1179648K
  class space    used 8481K, committed 9280K, reserved 1048576K
}
Event: 1827.108 GC heap after
{Heap after GC invocations=453 (full 3):
 PSYoungGen      total 1536K, used 256K [0x00000000d5580000, 0x00000000d5880000, 0x0000000100000000)
  eden space 1024K, 0% used [0x00000000d5580000,0x00000000d5580000,0x00000000d5680000)
  from space 512K, 50% used [0x00000000d5800000,0x00000000d5840000,0x00000000d5880000)
  to   space 512K, 0% used [0x00000000d5780000,0x00000000d5780000,0x00000000d5800000)
 ParOldGen       total 301056K, used 301039K [0x0000000080000000, 0x0000000092600000, 0x00000000d5580000)
  object space 301056K, 99% used [0x0000000080000000,0x00000000925fbdb8,0x0000000092600000)
 Metaspace       used 79418K, committed 81088K, reserved 1179648K
  class space    used 8481K, committed 9280K, reserved 1048576K
}
Event: 1840.768 GC heap before
{Heap before GC invocations=454 (full 3):
 PSYoungGen      total 1536K, used 1280K [0x00000000d5580000, 0x00000000d5880000, 0x0000000100000000)
  eden space 1024K, 100% used [0x00000000d5580000,0x00000000d5680000,0x00000000d5680000)
  from space 512K, 50% used [0x00000000d5800000,0x00000000d5840000,0x00000000d5880000)
  to   space 512K, 0% used [0x00000000d5780000,0x00000000d5780000,0x00000000d5800000)
 ParOldGen       total 301056K, used 301039K [0x0000000080000000, 0x0000000092600000, 0x00000000d5580000)
  object space 301056K, 99% used [0x0000000080000000,0x00000000925fbdb8,0x0000000092600000)
 Metaspace       used 79419K, committed 81088K, reserved 1179648K
  class space    used 8481K, committed 9280K, reserved 1048576K
}
Event: 1841.096 GC heap after
{Heap after GC invocations=454 (full 3):
 PSYoungGen      total 1536K, used 320K [0x00000000d5580000, 0x00000000d5880000, 0x0000000100000000)
  eden space 1024K, 0% used [0x00000000d5580000,0x00000000d5580000,0x00000000d5680000)
  from space 512K, 62% used [0x00000000d5780000,0x00000000d57d0020,0x00000000d5800000)
  to   space 512K, 0% used [0x00000000d5800000,0x00000000d5800000,0x00000000d5880000)
 ParOldGen       total 301568K, used 301079K [0x0000000080000000, 0x0000000092680000, 0x00000000d5580000)
  object space 301568K, 99% used [0x0000000080000000,0x0000000092605db8,0x0000000092680000)
 Metaspace       used 79419K, committed 81088K, reserved 1179648K
  class space    used 8481K, committed 9280K, reserved 1048576K
}
Event: 1874.427 GC heap before
{Heap before GC invocations=455 (full 3):
 PSYoungGen      total 1536K, used 1344K [0x00000000d5580000, 0x00000000d5880000, 0x0000000100000000)
  eden space 1024K, 100% used [0x00000000d5580000,0x00000000d5680000,0x00000000d5680000)
  from space 512K, 62% used [0x00000000d5780000,0x00000000d57d0020,0x00000000d5800000)
  to   space 512K, 0% used [0x00000000d5800000,0x00000000d5800000,0x00000000d5880000)
 ParOldGen       total 301568K, used 301079K [0x0000000080000000, 0x0000000092680000, 0x00000000d5580000)
  object space 301568K, 99% used [0x0000000080000000,0x0000000092605db8,0x0000000092680000)
 Metaspace       used 79429K, committed 81152K, reserved 1179648K
  class space    used 8481K, committed 9280K, reserved 1048576K
}
Event: 1874.719 GC heap after
{Heap after GC invocations=455 (full 3):
 PSYoungGen      total 1536K, used 320K [0x00000000d5580000, 0x00000000d5880000, 0x0000000100000000)
  eden space 1024K, 0% used [0x00000000d5580000,0x00000000d5580000,0x00000000d5680000)
  from space 512K, 62% used [0x00000000d5800000,0x00000000d5850020,0x00000000d5880000)
  to   space 512K, 0% used [0x00000000d5780000,0x00000000d5780000,0x00000000d5800000)
 ParOldGen       total 301568K, used 301191K [0x0000000080000000, 0x0000000092680000, 0x00000000d5580000)
  object space 301568K, 99% used [0x0000000080000000,0x0000000092621dd8,0x0000000092680000)
 Metaspace       used 79429K, committed 81152K, reserved 1179648K
  class space    used 8481K, committed 9280K, reserved 1048576K
}

