# JRE version: OpenJDK Runtime Environment Temurin-21.0.10+7 (21.0.10+7) (build 21.0.10+7-LTS)
# Java VM: OpenJDK 64-Bit Server VM Temurin-21.0.10+7 (21.0.10+7-LTS, mixed mode, sharing, tiered, compressed oops, compressed class ptrs, parallel gc, windows-amd64)
GC Precious Log:
 CardTable entry size: 512
 CPUs: 12 total, 12 available
 Memory: 7863M
 Large Page Support: Disabled
 NUMA Support: Disabled
 Compressed Oops: Enabled (32-bit)
 Alignments: Space 512K, Generation 512K, Heap 2M
 Heap Min Capacity: 100M
 Heap Initial Capacity: 100M
 Heap Max Capacity: 2G
 Pre-touch: Disabled
 Parallel Workers: 10
Heap:
 PSYoungGen      total 10240K, used 1265K [0x00000000d5580000, 0x00000000d6680000, 0x0000000100000000)
  eden space 9728K, 8% used [0x00000000d5580000,0x00000000d5644778,0x00000000d5f00000)
  from space 512K, 93% used [0x00000000d6580000,0x00000000d65f8000,0x00000000d6600000)
  to   space 512K, 0% used [0x00000000d6600000,0x00000000d6600000,0x00000000d6680000)
 ParOldGen       total 187904K, used 187827K [0x0000000080000000, 0x000000008b780000, 0x00000000d5580000)
  object space 187904K, 99% used [0x0000000080000000,0x000000008b76cda8,0x000000008b780000)
 Metaspace       used 70692K, committed 72192K, reserved 1114112K
  class space    used 7549K, committed 8192K, reserved 1048576K
GC Heap History (20 events):
Event: 95.001 GC heap before
{Heap before GC invocations=101 (full 3):
 PSYoungGen      total 14848K, used 14805K [0x00000000d5580000, 0x00000000d7500000, 0x0000000100000000)
  eden space 9728K, 99% used [0x00000000d5580000,0x00000000d5efc808,0x00000000d5f00000)
  from space 5120K, 99% used [0x00000000d6180000,0x00000000d6678f40,0x00000000d6680000)
  to   space 11264K, 0% used [0x00000000d6a00000,0x00000000d6a00000,0x00000000d7500000)
 ParOldGen       total 172032K, used 171672K [0x0000000080000000, 0x000000008a800000, 0x00000000d5580000)
  object space 172032K, 99% used [0x0000000080000000,0x000000008a7a6238,0x000000008a800000)
 Metaspace       used 66454K, committed 67968K, reserved 1114112K
  class space    used 6979K, committed 7616K, reserved 1048576K
}
Event: 95.011 GC heap after
{Heap after GC invocations=101 (full 3):
 PSYoungGen      total 12800K, used 2744K [0x00000000d5580000, 0x00000000d6d00000, 0x0000000100000000)
  eden space 9728K, 0% used [0x00000000d5580000,0x00000000d5580000,0x00000000d5f00000)
  from space 3072K, 89% used [0x00000000d6a00000,0x00000000d6cae0a8,0x00000000d6d00000)
  to   space 5632K, 0% used [0x00000000d6200000,0x00000000d6200000,0x00000000d6780000)
 ParOldGen       total 177152K, used 176811K [0x0000000080000000, 0x000000008ad00000, 0x00000000d5580000)
  object space 177152K, 99% used [0x0000000080000000,0x000000008acaad78,0x000000008ad00000)
 Metaspace       used 66454K, committed 67968K, reserved 1114112K
  class space    used 6979K, committed 7616K, reserved 1048576K
}
Event: 95.311 GC heap before
{Heap before GC invocations=102 (full 3):
 PSYoungGen      total 12800K, used 12472K [0x00000000d5580000, 0x00000000d6d00000, 0x0000000100000000)
  eden space 9728K, 100% used [0x00000000d5580000,0x00000000d5f00000,0x00000000d5f00000)
  from space 3072K, 89% used [0x00000000d6a00000,0x00000000d6cae0a8,0x00000000d6d00000)
  to   space 5632K, 0% used [0x00000000d6200000,0x00000000d6200000,0x00000000d6780000)
 ParOldGen       total 177152K, used 176811K [0x0000000080000000, 0x000000008ad00000, 0x00000000d5580000)
  object space 177152K, 99% used [0x0000000080000000,0x000000008acaad78,0x000000008ad00000)
 Metaspace       used 66471K, committed 67968K, reserved 1114112K
  class space    used 6979K, committed 7616K, reserved 1048576K
}
Event: 95.316 GC heap after
{Heap after GC invocations=102 (full 3):
 PSYoungGen      total 15360K, used 2167K [0x00000000d5580000, 0x00000000d6a80000, 0x0000000100000000)
  eden space 9728K, 0% used [0x00000000d5580000,0x00000000d5580000,0x00000000d5f00000)
  from space 5632K, 38% used [0x00000000d6200000,0x00000000d641de48,0x00000000d6780000)
  to   space 3072K, 0% used [0x00000000d6780000,0x00000000d6780000,0x00000000d6a80000)
 ParOldGen       total 179712K, used 179271K [0x0000000080000000, 0x000000008af80000, 0x00000000d5580000)
  object space 179712K, 99% used [0x0000000080000000,0x000000008af11ef8,0x000000008af80000)
 Metaspace       used 66471K, committed 67968K, reserved 1114112K
  class space    used 6979K, committed 7616K, reserved 1048576K
}
Event: 95.859 GC heap before
{Heap before GC invocations=103 (full 3):
 PSYoungGen      total 15360K, used 11895K [0x00000000d5580000, 0x00000000d6a80000, 0x0000000100000000)
  eden space 9728K, 100% used [0x00000000d5580000,0x00000000d5f00000,0x00000000d5f00000)
  from space 5632K, 38% used [0x00000000d6200000,0x00000000d641de48,0x00000000d6780000)
  to   space 3072K, 0% used [0x00000000d6780000,0x00000000d6780000,0x00000000d6a80000)
 ParOldGen       total 179712K, used 179271K [0x0000000080000000, 0x000000008af80000, 0x00000000d5580000)
  object space 179712K, 99% used [0x0000000080000000,0x000000008af11ef8,0x000000008af80000)
 Metaspace       used 66600K, committed 68032K, reserved 1114112K
  class space    used 7005K, committed 7616K, reserved 1048576K
}
Event: 95.864 GC heap after
{Heap after GC invocations=103 (full 3):
 PSYoungGen      total 12800K, used 2989K [0x00000000d5580000, 0x00000000d6a80000, 0x0000000100000000)
  eden space 9728K, 0% used [0x00000000d5580000,0x00000000d5580000,0x00000000d5f00000)
  from space 3072K, 97% used [0x00000000d6780000,0x00000000d6a6b438,0x00000000d6a80000)
  to   space 3584K, 0% used [0x00000000d6380000,0x00000000d6380000,0x00000000d6700000)
 ParOldGen       total 181760K, used 181272K [0x0000000080000000, 0x000000008b180000, 0x00000000d5580000)
  object space 181760K, 99% used [0x0000000080000000,0x000000008b106080,0x000000008b180000)
 Metaspace       used 66600K, committed 68032K, reserved 1114112K
  class space    used 7005K, committed 7616K, reserved 1048576K
}
Event: 96.735 GC heap before
{Heap before GC invocations=104 (full 3):
 PSYoungGen      total 12800K, used 12717K [0x00000000d5580000, 0x00000000d6a80000, 0x0000000100000000)
  eden space 9728K, 100% used [0x00000000d5580000,0x00000000d5f00000,0x00000000d5f00000)
  from space 3072K, 97% used [0x00000000d6780000,0x00000000d6a6b438,0x00000000d6a80000)
  to   space 3584K, 0% used [0x00000000d6380000,0x00000000d6380000,0x00000000d6700000)
 ParOldGen       total 181760K, used 181272K [0x0000000080000000, 0x000000008b180000, 0x00000000d5580000)
  object space 181760K, 99% used [0x0000000080000000,0x000000008b106080,0x000000008b180000)
 Metaspace       used 66783K, committed 68288K, reserved 1114112K
  class space    used 7033K, committed 7680K, reserved 1048576K
}
Event: 96.742 GC heap after
{Heap after GC invocations=104 (full 3):
 PSYoungGen      total 12800K, used 2560K [0x00000000d5580000, 0x00000000d6800000, 0x0000000100000000)
  eden space 9728K, 0% used [0x00000000d5580000,0x00000000d5580000,0x00000000d5f00000)
  from space 3072K, 83% used [0x00000000d6380000,0x00000000d6600010,0x00000000d6680000)
  to   space 1536K, 0% used [0x00000000d6680000,0x00000000d6680000,0x00000000d6800000)
 ParOldGen       total 184320K, used 184066K [0x0000000080000000, 0x000000008b400000, 0x00000000d5580000)
  object space 184320K, 99% used [0x0000000080000000,0x000000008b3c0a30,0x000000008b400000)
 Metaspace       used 66783K, committed 68288K, reserved 1114112K
  class space    used 7033K, committed 7680K, reserved 1048576K
}
Event: 100.012 GC heap before
{Heap before GC invocations=105 (full 3):
 PSYoungGen      total 12800K, used 12287K [0x00000000d5580000, 0x00000000d6800000, 0x0000000100000000)
  eden space 9728K, 99% used [0x00000000d5580000,0x00000000d5efff70,0x00000000d5f00000)
  from space 3072K, 83% used [0x00000000d6380000,0x00000000d6600010,0x00000000d6680000)
  to   space 1536K, 0% used [0x00000000d6680000,0x00000000d6680000,0x00000000d6800000)
 ParOldGen       total 184320K, used 184066K [0x0000000080000000, 0x000000008b400000, 0x00000000d5580000)
  object space 184320K, 99% used [0x0000000080000000,0x000000008b3c0a30,0x000000008b400000)
 Metaspace       used 67211K, committed 68736K, reserved 1114112K
  class space    used 7087K, committed 7744K, reserved 1048576K
}
Event: 100.018 GC heap after
{Heap after GC invocations=105 (full 3):
 PSYoungGen      total 10752K, used 768K [0x00000000d5580000, 0x00000000d6780000, 0x0000000100000000)
  eden space 9728K, 0% used [0x00000000d5580000,0x00000000d5580000,0x00000000d5f00000)
  from space 1024K, 75% used [0x00000000d6680000,0x00000000d6740000,0x00000000d6780000)
  to   space 1536K, 0% used [0x00000000d6480000,0x00000000d6480000,0x00000000d6600000)
 ParOldGen       total 186880K, used 186482K [0x0000000080000000, 0x000000008b680000, 0x00000000d5580000)
  object space 186880K, 99% used [0x0000000080000000,0x000000008b61ca50,0x000000008b680000)
 Metaspace       used 67211K, committed 68736K, reserved 1114112K
  class space    used 7087K, committed 7744K, reserved 1048576K
}
Event: 100.398 GC heap before
{Heap before GC invocations=106 (full 3):
 PSYoungGen      total 10752K, used 10493K [0x00000000d5580000, 0x00000000d6780000, 0x0000000100000000)
  eden space 9728K, 99% used [0x00000000d5580000,0x00000000d5eff560,0x00000000d5f00000)
  from space 1024K, 75% used [0x00000000d6680000,0x00000000d6740000,0x00000000d6780000)
  to   space 1536K, 0% used [0x00000000d6480000,0x00000000d6480000,0x00000000d6600000)
 ParOldGen       total 186880K, used 186482K [0x0000000080000000, 0x000000008b680000, 0x00000000d5580000)
  object space 186880K, 99% used [0x0000000080000000,0x000000008b61ca50,0x000000008b680000)
 Metaspace       used 67211K, committed 68736K, reserved 1114112K
  class space    used 7087K, committed 7744K, reserved 1048576K
}
Event: 100.400 GC heap after
{Heap after GC invocations=106 (full 3):
 PSYoungGen      total 11264K, used 256K [0x00000000d5580000, 0x00000000d6700000, 0x0000000100000000)
  eden space 9728K, 0% used [0x00000000d5580000,0x00000000d5580000,0x00000000d5f00000)
  from space 1536K, 16% used [0x00000000d6480000,0x00000000d64c0000,0x00000000d6600000)
  to   space 1024K, 0% used [0x00000000d6600000,0x00000000d6600000,0x00000000d6700000)
 ParOldGen       total 187392K, used 187124K [0x0000000080000000, 0x000000008b700000, 0x00000000d5580000)
  object space 187392K, 99% used [0x0000000080000000,0x000000008b6bd198,0x000000008b700000)
 Metaspace       used 67211K, committed 68736K, reserved 1114112K
  class space    used 7087K, committed 7744K, reserved 1048576K
}
Event: 103.836 GC heap before
{Heap before GC invocations=107 (full 3):
 PSYoungGen      total 11264K, used 9984K [0x00000000d5580000, 0x00000000d6700000, 0x0000000100000000)
  eden space 9728K, 100% used [0x00000000d5580000,0x00000000d5f00000,0x00000000d5f00000)
  from space 1536K, 16% used [0x00000000d6480000,0x00000000d64c0000,0x00000000d6600000)
  to   space 1024K, 0% used [0x00000000d6600000,0x00000000d6600000,0x00000000d6700000)
 ParOldGen       total 187392K, used 187124K [0x0000000080000000, 0x000000008b700000, 0x00000000d5580000)
  object space 187392K, 99% used [0x0000000080000000,0x000000008b6bd198,0x000000008b700000)
 Metaspace       used 67846K, committed 69312K, reserved 1114112K
  class space    used 7147K, committed 7744K, reserved 1048576K
}
Event: 103.838 GC heap after
{Heap after GC invocations=107 (full 3):
 PSYoungGen      total 10240K, used 433K [0x00000000d5580000, 0x00000000d6680000, 0x0000000100000000)
  eden space 9728K, 0% used [0x00000000d5580000,0x00000000d5580000,0x00000000d5f00000)
  from space 512K, 84% used [0x00000000d6600000,0x00000000d666c5a8,0x00000000d6680000)
  to   space 512K, 0% used [0x00000000d6580000,0x00000000d6580000,0x00000000d6600000)
 ParOldGen       total 187392K, used 187164K [0x0000000080000000, 0x000000008b700000, 0x00000000d5580000)
  object space 187392K, 99% used [0x0000000080000000,0x000000008b6c7198,0x000000008b700000)
 Metaspace       used 67846K, committed 69312K, reserved 1114112K
  class space    used 7147K, committed 7744K, reserved 1048576K
}
Event: 104.191 GC heap before
{Heap before GC invocations=108 (full 3):
 PSYoungGen      total 10240K, used 10161K [0x00000000d5580000, 0x00000000d6680000, 0x0000000100000000)
  eden space 9728K, 100% used [0x00000000d5580000,0x00000000d5f00000,0x00000000d5f00000)
  from space 512K, 84% used [0x00000000d6600000,0x00000000d666c5a8,0x00000000d6680000)
  to   space 512K, 0% used [0x00000000d6580000,0x00000000d6580000,0x00000000d6600000)
 ParOldGen       total 187392K, used 187164K [0x0000000080000000, 0x000000008b700000, 0x00000000d5580000)
  object space 187392K, 99% used [0x0000000080000000,0x000000008b6c7198,0x000000008b700000)
 Metaspace       used 69066K, committed 70592K, reserved 1114112K
  class space    used 7298K, committed 7936K, reserved 1048576K
}
Event: 104.193 GC heap after
{Heap after GC invocations=108 (full 3):
 PSYoungGen      total 10240K, used 448K [0x00000000d5580000, 0x00000000d6680000, 0x0000000100000000)
  eden space 9728K, 0% used [0x00000000d5580000,0x00000000d5580000,0x00000000d5f00000)
  from space 512K, 87% used [0x00000000d6580000,0x00000000d65f0020,0x00000000d6600000)
  to   space 512K, 0% used [0x00000000d6600000,0x00000000d6600000,0x00000000d6680000)
 ParOldGen       total 187904K, used 187435K [0x0000000080000000, 0x000000008b780000, 0x00000000d5580000)
  object space 187904K, 99% used [0x0000000080000000,0x000000008b70ad58,0x000000008b780000)
 Metaspace       used 69066K, committed 70592K, reserved 1114112K
  class space    used 7298K, committed 7936K, reserved 1048576K
}
Event: 104.685 GC heap before
{Heap before GC invocations=109 (full 3):
 PSYoungGen      total 10240K, used 10176K [0x00000000d5580000, 0x00000000d6680000, 0x0000000100000000)
  eden space 9728K, 100% used [0x00000000d5580000,0x00000000d5f00000,0x00000000d5f00000)
  from space 512K, 87% used [0x00000000d6580000,0x00000000d65f0020,0x00000000d6600000)
  to   space 512K, 0% used [0x00000000d6600000,0x00000000d6600000,0x00000000d6680000)
 ParOldGen       total 187904K, used 187435K [0x0000000080000000, 0x000000008b780000, 0x00000000d5580000)
  object space 187904K, 99% used [0x0000000080000000,0x000000008b70ad58,0x000000008b780000)
 Metaspace       used 69963K, committed 71424K, reserved 1114112K
  class space    used 7465K, committed 8064K, reserved 1048576K
}
Event: 104.688 GC heap after
{Heap after GC invocations=109 (full 3):
 PSYoungGen      total 10240K, used 402K [0x00000000d5580000, 0x00000000d6680000, 0x0000000100000000)
  eden space 9728K, 0% used [0x00000000d5580000,0x00000000d5580000,0x00000000d5f00000)
  from space 512K, 78% used [0x00000000d6600000,0x00000000d6664950,0x00000000d6680000)
  to   space 512K, 0% used [0x00000000d6580000,0x00000000d6580000,0x00000000d6600000)
 ParOldGen       total 187904K, used 187683K [0x0000000080000000, 0x000000008b780000, 0x00000000d5580000)
  object space 187904K, 99% used [0x0000000080000000,0x000000008b748da8,0x000000008b780000)
 Metaspace       used 69963K, committed 71424K, reserved 1114112K
  class space    used 7465K, committed 8064K, reserved 1048576K
}
Event: 360.623 GC heap before
{Heap before GC invocations=110 (full 3):
 PSYoungGen      total 10240K, used 10130K [0x00000000d5580000, 0x00000000d6680000, 0x0000000100000000)
  eden space 9728K, 100% used [0x00000000d5580000,0x00000000d5f00000,0x00000000d5f00000)
  from space 512K, 78% used [0x00000000d6600000,0x00000000d6664950,0x00000000d6680000)
  to   space 512K, 0% used [0x00000000d6580000,0x00000000d6580000,0x00000000d6600000)
 ParOldGen       total 187904K, used 187683K [0x0000000080000000, 0x000000008b780000, 0x00000000d5580000)
  object space 187904K, 99% used [0x0000000080000000,0x000000008b748da8,0x000000008b780000)
 Metaspace       used 70685K, committed 72192K, reserved 1114112K
  class space    used 7549K, committed 8192K, reserved 1048576K
}
Event: 360.760 GC heap after
{Heap after GC invocations=110 (full 3):
 PSYoungGen      total 10240K, used 480K [0x00000000d5580000, 0x00000000d6680000, 0x0000000100000000)
  eden space 9728K, 0% used [0x00000000d5580000,0x00000000d5580000,0x00000000d5f00000)
  from space 512K, 93% used [0x00000000d6580000,0x00000000d65f8000,0x00000000d6600000)
  to   space 512K, 0% used [0x00000000d6600000,0x00000000d6600000,0x00000000d6680000)
 ParOldGen       total 187904K, used 187827K [0x0000000080000000, 0x000000008b780000, 0x00000000d5580000)
  object space 187904K, 99% used [0x0000000080000000,0x000000008b76cda8,0x000000008b780000)
 Metaspace       used 70685K, committed 72192K, reserved 1114112K
  class space    used 7549K, committed 8192K, reserved 1048576K
}

