# JRE version: OpenJDK Runtime Environment Temurin-21.0.10+7 (21.0.10+7) (build 21.0.10+7-LTS)
# Java VM: OpenJDK 64-Bit Server VM Temurin-21.0.10+7 (21.0.10+7-LTS, mixed mode, sharing, tiered, compressed oops, compressed class ptrs, parallel gc, windows-amd64)
GC Precious Log:
 CardTable entry size: 512
 CPUs: 12 total, 12 available
 Memory: 7863M
 Large Page Support: Disabled
 NUMA Support: Disabled
 Compressed Oops: Enabled (32-bit)
 Alignments: Space 512K, Generation 512K, Heap 2M
 Heap Min Capacity: 100M
 Heap Initial Capacity: 100M
 Heap Max Capacity: 2G
 Pre-touch: Disabled
 Parallel Workers: 10
Heap:
 PSYoungGen      total 5120K, used 3146K [0x00000000d5580000, 0x00000000d5c00000, 0x0000000100000000)
  eden space 4608K, 62% used [0x00000000d5580000,0x00000000d584a858,0x00000000d5a00000)
  from space 512K, 56% used [0x00000000d5b00000,0x00000000d5b48020,0x00000000d5b80000)
  to   space 512K, 0% used [0x00000000d5b80000,0x00000000d5b80000,0x00000000d5c00000)
 ParOldGen       total 302592K, used 302543K [0x0000000080000000, 0x0000000092780000, 0x00000000d5580000)
  object space 302592K, 99% used [0x0000000080000000,0x0000000092773ff0,0x0000000092780000)
 Metaspace       used 76801K, committed 78464K, reserved 1179648K
  class space    used 8167K, committed 8896K, reserved 1048576K
GC Heap History (20 events):
Event: 3598.971 GC heap before
{Heap before GC invocations=565 (full 3):
 PSYoungGen      total 3072K, used 3056K [0x00000000d5580000, 0x00000000d5b80000, 0x0000000100000000)
  eden space 2048K, 99% used [0x00000000d5580000,0x00000000d577ffe8,0x00000000d5780000)
  from space 1024K, 98% used [0x00000000d5780000,0x00000000d587c020,0x00000000d5880000)
  to   space 2048K, 0% used [0x00000000d5980000,0x00000000d5980000,0x00000000d5b80000)
 ParOldGen       total 299008K, used 298690K [0x0000000080000000, 0x0000000092400000, 0x00000000d5580000)
  object space 299008K, 99% used [0x0000000080000000,0x00000000923b0b00,0x0000000092400000)
 Metaspace       used 76607K, committed 78144K, reserved 1179648K
  class space    used 8152K, committed 8832K, reserved 1048576K
}
Event: 3598.976 GC heap after
{Heap after GC invocations=565 (full 3):
 PSYoungGen      total 4096K, used 1312K [0x00000000d5580000, 0x00000000d5b00000, 0x0000000100000000)
  eden space 2560K, 0% used [0x00000000d5580000,0x00000000d5580000,0x00000000d5800000)
  from space 1536K, 85% used [0x00000000d5980000,0x00000000d5ac8010,0x00000000d5b00000)
  to   space 1536K, 0% used [0x00000000d5800000,0x00000000d5800000,0x00000000d5980000)
 ParOldGen       total 300032K, used 299562K [0x0000000080000000, 0x0000000092500000, 0x00000000d5580000)
  object space 300032K, 99% used [0x0000000080000000,0x000000009248ab10,0x0000000092500000)
 Metaspace       used 76607K, committed 78144K, reserved 1179648K
  class space    used 8152K, committed 8832K, reserved 1048576K
}
Event: 3598.989 GC heap before
{Heap before GC invocations=566 (full 3):
 PSYoungGen      total 4096K, used 3861K [0x00000000d5580000, 0x00000000d5b00000, 0x0000000100000000)
  eden space 2560K, 99% used [0x00000000d5580000,0x00000000d57fd6d8,0x00000000d5800000)
  from space 1536K, 85% used [0x00000000d5980000,0x00000000d5ac8010,0x00000000d5b00000)
  to   space 1536K, 0% used [0x00000000d5800000,0x00000000d5800000,0x00000000d5980000)
 ParOldGen       total 300032K, used 299578K [0x0000000080000000, 0x0000000092500000, 0x00000000d5580000)
  object space 300032K, 99% used [0x0000000080000000,0x000000009248eb20,0x0000000092500000)
 Metaspace       used 76607K, committed 78144K, reserved 1179648K
  class space    used 8152K, committed 8832K, reserved 1048576K
}
Event: 3598.994 GC heap after
{Heap after GC invocations=566 (full 3):
 PSYoungGen      total 4096K, used 1520K [0x00000000d5580000, 0x00000000d5f00000, 0x0000000100000000)
  eden space 2560K, 0% used [0x00000000d5580000,0x00000000d5580000,0x00000000d5800000)
  from space 1536K, 99% used [0x00000000d5800000,0x00000000d597c390,0x00000000d5980000)
  to   space 3584K, 0% used [0x00000000d5b80000,0x00000000d5b80000,0x00000000d5f00000)
 ParOldGen       total 301568K, used 301226K [0x0000000080000000, 0x0000000092680000, 0x00000000d5580000)
  object space 301568K, 99% used [0x0000000080000000,0x000000009262ab40,0x0000000092680000)
 Metaspace       used 76607K, committed 78144K, reserved 1179648K
  class space    used 8152K, committed 8832K, reserved 1048576K
}
Event: 3599.002 GC heap before
{Heap before GC invocations=567 (full 3):
 PSYoungGen      total 4096K, used 4080K [0x00000000d5580000, 0x00000000d5f00000, 0x0000000100000000)
  eden space 2560K, 100% used [0x00000000d5580000,0x00000000d5800000,0x00000000d5800000)
  from space 1536K, 99% used [0x00000000d5800000,0x00000000d597c390,0x00000000d5980000)
  to   space 3584K, 0% used [0x00000000d5b80000,0x00000000d5b80000,0x00000000d5f00000)
 ParOldGen       total 301568K, used 301263K [0x0000000080000000, 0x0000000092680000, 0x00000000d5580000)
  object space 301568K, 99% used [0x0000000080000000,0x0000000092633f50,0x0000000092680000)
 Metaspace       used 76607K, committed 78144K, reserved 1179648K
  class space    used 8152K, committed 8832K, reserved 1048576K
}
Event: 3599.006 GC heap after
{Heap after GC invocations=567 (full 3):
 PSYoungGen      total 3584K, used 192K [0x00000000d5580000, 0x00000000d5c00000, 0x0000000100000000)
  eden space 3072K, 0% used [0x00000000d5580000,0x00000000d5580000,0x00000000d5880000)
  from space 512K, 37% used [0x00000000d5b80000,0x00000000d5bb0000,0x00000000d5c00000)
  to   space 1536K, 0% used [0x00000000d5900000,0x00000000d5900000,0x00000000d5a80000)
 ParOldGen       total 302080K, used 301823K [0x0000000080000000, 0x0000000092700000, 0x00000000d5580000)
  object space 302080K, 99% used [0x0000000080000000,0x00000000926bff50,0x0000000092700000)
 Metaspace       used 76607K, committed 78144K, reserved 1179648K
  class space    used 8152K, committed 8832K, reserved 1048576K
}
Event: 3599.081 GC heap before
{Heap before GC invocations=568 (full 3):
 PSYoungGen      total 3584K, used 3264K [0x00000000d5580000, 0x00000000d5c00000, 0x0000000100000000)
  eden space 3072K, 100% used [0x00000000d5580000,0x00000000d5880000,0x00000000d5880000)
  from space 512K, 37% used [0x00000000d5b80000,0x00000000d5bb0000,0x00000000d5c00000)
  to   space 1536K, 0% used [0x00000000d5900000,0x00000000d5900000,0x00000000d5a80000)
 ParOldGen       total 302080K, used 301823K [0x0000000080000000, 0x0000000092700000, 0x00000000d5580000)
  object space 302080K, 99% used [0x0000000080000000,0x00000000926bff50,0x0000000092700000)
 Metaspace       used 76607K, committed 78144K, reserved 1179648K
  class space    used 8152K, committed 8832K, reserved 1048576K
}
Event: 3599.083 GC heap after
{Heap after GC invocations=568 (full 3):
 PSYoungGen      total 5120K, used 160K [0x00000000d5580000, 0x00000000d5c00000, 0x0000000100000000)
  eden space 3584K, 0% used [0x00000000d5580000,0x00000000d5580000,0x00000000d5900000)
  from space 1536K, 10% used [0x00000000d5900000,0x00000000d5928000,0x00000000d5a80000)
  to   space 512K, 0% used [0x00000000d5b80000,0x00000000d5b80000,0x00000000d5c00000)
 ParOldGen       total 302080K, used 301855K [0x0000000080000000, 0x0000000092700000, 0x00000000d5580000)
  object space 302080K, 99% used [0x0000000080000000,0x00000000926c7f50,0x0000000092700000)
 Metaspace       used 76607K, committed 78144K, reserved 1179648K
  class space    used 8152K, committed 8832K, reserved 1048576K
}
Event: 3599.126 GC heap before
{Heap before GC invocations=569 (full 3):
 PSYoungGen      total 5120K, used 3734K [0x00000000d5580000, 0x00000000d5c00000, 0x0000000100000000)
  eden space 3584K, 99% used [0x00000000d5580000,0x00000000d58fd8d8,0x00000000d5900000)
  from space 1536K, 10% used [0x00000000d5900000,0x00000000d5928000,0x00000000d5a80000)
  to   space 512K, 0% used [0x00000000d5b80000,0x00000000d5b80000,0x00000000d5c00000)
 ParOldGen       total 302080K, used 301855K [0x0000000080000000, 0x0000000092700000, 0x00000000d5580000)
  object space 302080K, 99% used [0x0000000080000000,0x00000000926c7f50,0x0000000092700000)
 Metaspace       used 76607K, committed 78144K, reserved 1179648K
  class space    used 8152K, committed 8832K, reserved 1048576K
}
Event: 3599.131 GC heap after
{Heap after GC invocations=569 (full 3):
 PSYoungGen      total 5120K, used 387K [0x00000000d5580000, 0x00000000d5c00000, 0x0000000100000000)
  eden space 4608K, 0% used [0x00000000d5580000,0x00000000d5580000,0x00000000d5a00000)
  from space 512K, 75% used [0x00000000d5b80000,0x00000000d5be0e98,0x00000000d5c00000)
  to   space 512K, 0% used [0x00000000d5b00000,0x00000000d5b00000,0x00000000d5b80000)
 ParOldGen       total 302080K, used 301919K [0x0000000080000000, 0x0000000092700000, 0x00000000d5580000)
  object space 302080K, 99% used [0x0000000080000000,0x00000000926d7f50,0x0000000092700000)
 Metaspace       used 76607K, committed 78144K, reserved 1179648K
  class space    used 8152K, committed 8832K, reserved 1048576K
}
Event: 3599.923 GC heap before
{Heap before GC invocations=570 (full 3):
 PSYoungGen      total 5120K, used 4995K [0x00000000d5580000, 0x00000000d5c00000, 0x0000000100000000)
  eden space 4608K, 100% used [0x00000000d5580000,0x00000000d5a00000,0x00000000d5a00000)
  from space 512K, 75% used [0x00000000d5b80000,0x00000000d5be0e98,0x00000000d5c00000)
  to   space 512K, 0% used [0x00000000d5b00000,0x00000000d5b00000,0x00000000d5b80000)
 ParOldGen       total 302080K, used 301919K [0x0000000080000000, 0x0000000092700000, 0x00000000d5580000)
  object space 302080K, 99% used [0x0000000080000000,0x00000000926d7f50,0x0000000092700000)
 Metaspace       used 76607K, committed 78144K, reserved 1179648K
  class space    used 8152K, committed 8832K, reserved 1048576K
}
Event: 3599.929 GC heap after
{Heap after GC invocations=570 (full 3):
 PSYoungGen      total 5120K, used 288K [0x00000000d5580000, 0x00000000d5c00000, 0x0000000100000000)
  eden space 4608K, 0% used [0x00000000d5580000,0x00000000d5580000,0x00000000d5a00000)
  from space 512K, 56% used [0x00000000d5b00000,0x00000000d5b48000,0x00000000d5b80000)
  to   space 512K, 0% used [0x00000000d5b80000,0x00000000d5b80000,0x00000000d5c00000)
 ParOldGen       total 302080K, used 301943K [0x0000000080000000, 0x0000000092700000, 0x00000000d5580000)
  object space 302080K, 99% used [0x0000000080000000,0x00000000926ddf50,0x0000000092700000)
 Metaspace       used 76607K, committed 78144K, reserved 1179648K
  class space    used 8152K, committed 8832K, reserved 1048576K
}
Event: 3601.654 GC heap before
{Heap before GC invocations=571 (full 3):
 PSYoungGen      total 5120K, used 4896K [0x00000000d5580000, 0x00000000d5c00000, 0x0000000100000000)
  eden space 4608K, 100% used [0x00000000d5580000,0x00000000d5a00000,0x00000000d5a00000)
  from space 512K, 56% used [0x00000000d5b00000,0x00000000d5b48000,0x00000000d5b80000)
  to   space 512K, 0% used [0x00000000d5b80000,0x00000000d5b80000,0x00000000d5c00000)
 ParOldGen       total 302080K, used 301943K [0x0000000080000000, 0x0000000092700000, 0x00000000d5580000)
  object space 302080K, 99% used [0x0000000080000000,0x00000000926ddf50,0x0000000092700000)
 Metaspace       used 76607K, committed 78144K, reserved 1179648K
  class space    used 8152K, committed 8832K, reserved 1048576K
}
Event: 3601.658 GC heap after
{Heap after GC invocations=571 (full 3):
 PSYoungGen      total 5120K, used 352K [0x00000000d5580000, 0x00000000d5c00000, 0x0000000100000000)
  eden space 4608K, 0% used [0x00000000d5580000,0x00000000d5580000,0x00000000d5a00000)
  from space 512K, 68% used [0x00000000d5b80000,0x00000000d5bd8000,0x00000000d5c00000)
  to   space 512K, 0% used [0x00000000d5b00000,0x00000000d5b00000,0x00000000d5b80000)
 ParOldGen       total 302080K, used 301999K [0x0000000080000000, 0x0000000092700000, 0x00000000d5580000)
  object space 302080K, 99% used [0x0000000080000000,0x00000000926ebf50,0x0000000092700000)
 Metaspace       used 76607K, committed 78144K, reserved 1179648K
  class space    used 8152K, committed 8832K, reserved 1048576K
}
Event: 3649.351 GC heap before
{Heap before GC invocations=572 (full 3):
 PSYoungGen      total 5120K, used 4960K [0x00000000d5580000, 0x00000000d5c00000, 0x0000000100000000)
  eden space 4608K, 100% used [0x00000000d5580000,0x00000000d5a00000,0x00000000d5a00000)
  from space 512K, 68% used [0x00000000d5b80000,0x00000000d5bd8000,0x00000000d5c00000)
  to   space 512K, 0% used [0x00000000d5b00000,0x00000000d5b00000,0x00000000d5b80000)
 ParOldGen       total 302080K, used 301999K [0x0000000080000000, 0x0000000092700000, 0x00000000d5580000)
  object space 302080K, 99% used [0x0000000080000000,0x00000000926ebf50,0x0000000092700000)
 Metaspace       used 76653K, committed 78208K, reserved 1179648K
  class space    used 8155K, committed 8832K, reserved 1048576K
}
Event: 3649.542 GC heap after
{Heap after GC invocations=572 (full 3):
 PSYoungGen      total 5120K, used 496K [0x00000000d5580000, 0x00000000d5c00000, 0x0000000100000000)
  eden space 4608K, 0% used [0x00000000d5580000,0x00000000d5580000,0x00000000d5a00000)
  from space 512K, 96% used [0x00000000d5b00000,0x00000000d5b7c040,0x00000000d5b80000)
  to   space 512K, 0% used [0x00000000d5b80000,0x00000000d5b80000,0x00000000d5c00000)
 ParOldGen       total 302592K, used 302247K [0x0000000080000000, 0x0000000092780000, 0x00000000d5580000)
  object space 302592K, 99% used [0x0000000080000000,0x0000000092729f80,0x0000000092780000)
 Metaspace       used 76653K, committed 78208K, reserved 1179648K
  class space    used 8155K, committed 8832K, reserved 1048576K
}
Event: 3832.266 GC heap before
{Heap before GC invocations=573 (full 3):
 PSYoungGen      total 5120K, used 5104K [0x00000000d5580000, 0x00000000d5c00000, 0x0000000100000000)
  eden space 4608K, 100% used [0x00000000d5580000,0x00000000d5a00000,0x00000000d5a00000)
  from space 512K, 96% used [0x00000000d5b00000,0x00000000d5b7c040,0x00000000d5b80000)
  to   space 512K, 0% used [0x00000000d5b80000,0x00000000d5b80000,0x00000000d5c00000)
 ParOldGen       total 302592K, used 302247K [0x0000000080000000, 0x0000000092780000, 0x00000000d5580000)
  object space 302592K, 99% used [0x0000000080000000,0x0000000092729f80,0x0000000092780000)
 Metaspace       used 76723K, committed 78272K, reserved 1179648K
  class space    used 8161K, committed 8832K, reserved 1048576K
}
Event: 3832.482 GC heap after
{Heap after GC invocations=573 (full 3):
 PSYoungGen      total 5120K, used 288K [0x00000000d5580000, 0x00000000d5c00000, 0x0000000100000000)
  eden space 4608K, 0% used [0x00000000d5580000,0x00000000d5580000,0x00000000d5a00000)
  from space 512K, 56% used [0x00000000d5b80000,0x00000000d5bc8000,0x00000000d5c00000)
  to   space 512K, 0% used [0x00000000d5b00000,0x00000000d5b00000,0x00000000d5b80000)
 ParOldGen       total 302592K, used 302495K [0x0000000080000000, 0x0000000092780000, 0x00000000d5580000)
  object space 302592K, 99% used [0x0000000080000000,0x0000000092767ff0,0x0000000092780000)
 Metaspace       used 76723K, committed 78272K, reserved 1179648K
  class space    used 8161K, committed 8832K, reserved 1048576K
}
Event: 3876.653 GC heap before
{Heap before GC invocations=574 (full 3):
 PSYoungGen      total 5120K, used 4896K [0x00000000d5580000, 0x00000000d5c00000, 0x0000000100000000)
  eden space 4608K, 100% used [0x00000000d5580000,0x00000000d5a00000,0x00000000d5a00000)
  from space 512K, 56% used [0x00000000d5b80000,0x00000000d5bc8000,0x00000000d5c00000)
  to   space 512K, 0% used [0x00000000d5b00000,0x00000000d5b00000,0x00000000d5b80000)
 ParOldGen       total 302592K, used 302495K [0x0000000080000000, 0x0000000092780000, 0x00000000d5580000)
  object space 302592K, 99% used [0x0000000080000000,0x0000000092767ff0,0x0000000092780000)
 Metaspace       used 76770K, committed 78336K, reserved 1179648K
  class space    used 8161K, committed 8832K, reserved 1048576K
}
Event: 3876.848 GC heap after
{Heap after GC invocations=574 (full 3):
 PSYoungGen      total 5120K, used 288K [0x00000000d5580000, 0x00000000d5c00000, 0x0000000100000000)
  eden space 4608K, 0% used [0x00000000d5580000,0x00000000d5580000,0x00000000d5a00000)
  from space 512K, 56% used [0x00000000d5b00000,0x00000000d5b48020,0x00000000d5b80000)
  to   space 512K, 0% used [0x00000000d5b80000,0x00000000d5b80000,0x00000000d5c00000)
 ParOldGen       total 302592K, used 302543K [0x0000000080000000, 0x0000000092780000, 0x00000000d5580000)
  object space 302592K, 99% used [0x0000000080000000,0x0000000092773ff0,0x0000000092780000)
 Metaspace       used 76770K, committed 78336K, reserved 1179648K
  class space    used 8161K, committed 8832K, reserved 1048576K
}

