# JRE version: OpenJDK Runtime Environment Temurin-21.0.10+7 (21.0.10+7) (build 21.0.10+7-LTS)
# Java VM: OpenJDK 64-Bit Server VM Temurin-21.0.10+7 (21.0.10+7-LTS, mixed mode, sharing, tiered, compressed oops, compressed class ptrs, parallel gc, windows-amd64)
GC Precious Log:
 CardTable entry size: 512
 CPUs: 12 total, 12 available
 Memory: 7863M
 Large Page Support: Disabled
 NUMA Support: Disabled
 Compressed Oops: Enabled (32-bit)
 Alignments: Space 512K, Generation 512K, Heap 2M
 Heap Min Capacity: 100M
 Heap Initial Capacity: 100M
 Heap Max Capacity: 2G
 Pre-touch: Disabled
 Parallel Workers: 10
Heap:
 PSYoungGen      total 2048K, used 964K [0x00000000d5580000, 0x00000000d5880000, 0x0000000100000000)
  eden space 1536K, 44% used [0x00000000d5580000,0x00000000d5629300,0x00000000d5700000)
  from space 512K, 56% used [0x00000000d5700000,0x00000000d5748000,0x00000000d5780000)
  to   space 512K, 0% used [0x00000000d5800000,0x00000000d5800000,0x00000000d5880000)
 ParOldGen       total 362496K, used 362091K [0x0000000080000000, 0x0000000096200000, 0x00000000d5580000)
  object space 362496K, 99% used [0x0000000080000000,0x000000009619ad60,0x0000000096200000)
 Metaspace       used 81178K, committed 82944K, reserved 1179648K
  class space    used 8650K, committed 9408K, reserved 1048576K
GC Heap History (20 events):
Event: 903.311 GC heap before
{Heap before GC invocations=501 (full 3):
 PSYoungGen      total 2048K, used 2028K [0x00000000d5580000, 0x00000000d5a00000, 0x0000000100000000)
  eden space 1536K, 99% used [0x00000000d5580000,0x00000000d56ff228,0x00000000d5700000)
  from space 512K, 96% used [0x00000000d5700000,0x00000000d577bf90,0x00000000d5780000)
  to   space 1536K, 0% used [0x00000000d5880000,0x00000000d5880000,0x00000000d5a00000)
 ParOldGen       total 353792K, used 353231K [0x0000000080000000, 0x0000000095980000, 0x00000000d5580000)
  object space 353792K, 99% used [0x0000000080000000,0x00000000958f3d20,0x0000000095980000)
 Metaspace       used 81071K, committed 82752K, reserved 1179648K
  class space    used 8638K, committed 9344K, reserved 1048576K
}
Event: 903.315 GC heap after
{Heap after GC invocations=501 (full 3):
 PSYoungGen      total 3072K, used 1451K [0x00000000d5580000, 0x00000000d5a00000, 0x0000000100000000)
  eden space 1536K, 0% used [0x00000000d5580000,0x00000000d5580000,0x00000000d5700000)
  from space 1536K, 94% used [0x00000000d5880000,0x00000000d59eaef8,0x00000000d5a00000)
  to   space 1536K, 0% used [0x00000000d5700000,0x00000000d5700000,0x00000000d5880000)
 ParOldGen       total 353792K, used 353644K [0x0000000080000000, 0x0000000095980000, 0x00000000d5580000)
  object space 353792K, 99% used [0x0000000080000000,0x000000009595b010,0x0000000095980000)
 Metaspace       used 81071K, committed 82752K, reserved 1179648K
  class space    used 8638K, committed 9344K, reserved 1048576K
}
Event: 903.411 GC heap before
{Heap before GC invocations=502 (full 3):
 PSYoungGen      total 3072K, used 2962K [0x00000000d5580000, 0x00000000d5a00000, 0x0000000100000000)
  eden space 1536K, 98% used [0x00000000d5580000,0x00000000d56f9c28,0x00000000d5700000)
  from space 1536K, 94% used [0x00000000d5880000,0x00000000d59eaef8,0x00000000d5a00000)
  to   space 1536K, 0% used [0x00000000d5700000,0x00000000d5700000,0x00000000d5880000)
 ParOldGen       total 353792K, used 353644K [0x0000000080000000, 0x0000000095980000, 0x00000000d5580000)
  object space 353792K, 99% used [0x0000000080000000,0x000000009595b010,0x0000000095980000)
 Metaspace       used 81071K, committed 82752K, reserved 1179648K
  class space    used 8638K, committed 9344K, reserved 1048576K
}
Event: 903.424 GC heap after
{Heap after GC invocations=502 (full 3):
 PSYoungGen      total 3072K, used 1394K [0x00000000d5580000, 0x00000000d5a00000, 0x0000000100000000)
  eden space 1536K, 0% used [0x00000000d5580000,0x00000000d5580000,0x00000000d5700000)
  from space 1536K, 90% used [0x00000000d5700000,0x00000000d585cb68,0x00000000d5880000)
  to   space 1536K, 0% used [0x00000000d5880000,0x00000000d5880000,0x00000000d5a00000)
 ParOldGen       total 355328K, used 354950K [0x0000000080000000, 0x0000000095b00000, 0x00000000d5580000)
  object space 355328K, 99% used [0x0000000080000000,0x0000000095aa1b58,0x0000000095b00000)
 Metaspace       used 81071K, committed 82752K, reserved 1179648K
  class space    used 8638K, committed 9344K, reserved 1048576K
}
Event: 903.576 GC heap before
{Heap before GC invocations=503 (full 3):
 PSYoungGen      total 3072K, used 2704K [0x00000000d5580000, 0x00000000d5a00000, 0x0000000100000000)
  eden space 1536K, 85% used [0x00000000d5580000,0x00000000d56c7800,0x00000000d5700000)
  from space 1536K, 90% used [0x00000000d5700000,0x00000000d585cb68,0x00000000d5880000)
  to   space 1536K, 0% used [0x00000000d5880000,0x00000000d5880000,0x00000000d5a00000)
 ParOldGen       total 355328K, used 354950K [0x0000000080000000, 0x0000000095b00000, 0x00000000d5580000)
  object space 355328K, 99% used [0x0000000080000000,0x0000000095aa1b58,0x0000000095b00000)
 Metaspace       used 81074K, committed 82752K, reserved 1179648K
  class space    used 8638K, committed 9344K, reserved 1048576K
}
Event: 903.583 GC heap after
{Heap after GC invocations=503 (full 3):
 PSYoungGen      total 3072K, used 1227K [0x00000000d5580000, 0x00000000d5a00000, 0x0000000100000000)
  eden space 1536K, 0% used [0x00000000d5580000,0x00000000d5580000,0x00000000d5700000)
  from space 1536K, 79% used [0x00000000d5880000,0x00000000d59b2d88,0x00000000d5a00000)
  to   space 1536K, 0% used [0x00000000d5700000,0x00000000d5700000,0x00000000d5880000)
 ParOldGen       total 356352K, used 356201K [0x0000000080000000, 0x0000000095c00000, 0x00000000d5580000)
  object space 356352K, 99% used [0x0000000080000000,0x0000000095bda4f0,0x0000000095c00000)
 Metaspace       used 81074K, committed 82752K, reserved 1179648K
  class space    used 8638K, committed 9344K, reserved 1048576K
}
Event: 903.664 GC heap before
{Heap before GC invocations=504 (full 3):
 PSYoungGen      total 3072K, used 2763K [0x00000000d5580000, 0x00000000d5a00000, 0x0000000100000000)
  eden space 1536K, 99% used [0x00000000d5580000,0x00000000d56ffff8,0x00000000d5700000)
  from space 1536K, 79% used [0x00000000d5880000,0x00000000d59b2d88,0x00000000d5a00000)
  to   space 1536K, 0% used [0x00000000d5700000,0x00000000d5700000,0x00000000d5880000)
 ParOldGen       total 356352K, used 356201K [0x0000000080000000, 0x0000000095c00000, 0x00000000d5580000)
  object space 356352K, 99% used [0x0000000080000000,0x0000000095bda4f0,0x0000000095c00000)
 Metaspace       used 81074K, committed 82752K, reserved 1179648K
  class space    used 8638K, committed 9344K, reserved 1048576K
}
Event: 903.672 GC heap after
{Heap after GC invocations=504 (full 3):
 PSYoungGen      total 3072K, used 1501K [0x00000000d5580000, 0x00000000d5b00000, 0x0000000100000000)
  eden space 1536K, 0% used [0x00000000d5580000,0x00000000d5580000,0x00000000d5700000)
  from space 1536K, 97% used [0x00000000d5700000,0x00000000d5877760,0x00000000d5880000)
  to   space 2048K, 0% used [0x00000000d5900000,0x00000000d5900000,0x00000000d5b00000)
 ParOldGen       total 357376K, used 357305K [0x0000000080000000, 0x0000000095d00000, 0x00000000d5580000)
  object space 357376K, 99% used [0x0000000080000000,0x0000000095cee4e0,0x0000000095d00000)
 Metaspace       used 81074K, committed 82752K, reserved 1179648K
  class space    used 8638K, committed 9344K, reserved 1048576K
}
Event: 903.816 GC heap before
{Heap before GC invocations=505 (full 3):
 PSYoungGen      total 3072K, used 3037K [0x00000000d5580000, 0x00000000d5b00000, 0x0000000100000000)
  eden space 1536K, 100% used [0x00000000d5580000,0x00000000d5700000,0x00000000d5700000)
  from space 1536K, 97% used [0x00000000d5700000,0x00000000d5877760,0x00000000d5880000)
  to   space 2048K, 0% used [0x00000000d5900000,0x00000000d5900000,0x00000000d5b00000)
 ParOldGen       total 357376K, used 357305K [0x0000000080000000, 0x0000000095d00000, 0x00000000d5580000)
  object space 357376K, 99% used [0x0000000080000000,0x0000000095cee4e0,0x0000000095d00000)
 Metaspace       used 81074K, committed 82752K, reserved 1179648K
  class space    used 8638K, committed 9344K, reserved 1048576K
}
Event: 903.820 GC heap after
{Heap after GC invocations=505 (full 3):
 PSYoungGen      total 3072K, used 1375K [0x00000000d5580000, 0x00000000d5a80000, 0x0000000100000000)
  eden space 1536K, 0% used [0x00000000d5580000,0x00000000d5580000,0x00000000d5700000)
  from space 1536K, 89% used [0x00000000d5900000,0x00000000d5a57fd8,0x00000000d5a80000)
  to   space 1536K, 0% used [0x00000000d5700000,0x00000000d5700000,0x00000000d5880000)
 ParOldGen       total 358912K, used 358625K [0x0000000080000000, 0x0000000095e80000, 0x00000000d5580000)
  object space 358912K, 99% used [0x0000000080000000,0x0000000095e38658,0x0000000095e80000)
 Metaspace       used 81074K, committed 82752K, reserved 1179648K
  class space    used 8638K, committed 9344K, reserved 1048576K
}
Event: 903.948 GC heap before
{Heap before GC invocations=506 (full 3):
 PSYoungGen      total 3072K, used 2911K [0x00000000d5580000, 0x00000000d5a80000, 0x0000000100000000)
  eden space 1536K, 100% used [0x00000000d5580000,0x00000000d5700000,0x00000000d5700000)
  from space 1536K, 89% used [0x00000000d5900000,0x00000000d5a57fd8,0x00000000d5a80000)
  to   space 1536K, 0% used [0x00000000d5700000,0x00000000d5700000,0x00000000d5880000)
 ParOldGen       total 358912K, used 358625K [0x0000000080000000, 0x0000000095e80000, 0x00000000d5580000)
  object space 358912K, 99% used [0x0000000080000000,0x0000000095e38658,0x0000000095e80000)
 Metaspace       used 81074K, committed 82752K, reserved 1179648K
  class space    used 8638K, committed 9344K, reserved 1048576K
}
Event: 903.954 GC heap after
{Heap after GC invocations=506 (full 3):
 PSYoungGen      total 3072K, used 1418K [0x00000000d5580000, 0x00000000d5a00000, 0x0000000100000000)
  eden space 1536K, 0% used [0x00000000d5580000,0x00000000d5580000,0x00000000d5700000)
  from space 1536K, 92% used [0x00000000d5700000,0x00000000d5862a68,0x00000000d5880000)
  to   space 1536K, 0% used [0x00000000d5880000,0x00000000d5880000,0x00000000d5a00000)
 ParOldGen       total 359936K, used 359873K [0x0000000080000000, 0x0000000095f80000, 0x00000000d5580000)
  object space 359936K, 99% used [0x0000000080000000,0x0000000095f70790,0x0000000095f80000)
 Metaspace       used 81074K, committed 82752K, reserved 1179648K
  class space    used 8638K, committed 9344K, reserved 1048576K
}
Event: 904.576 GC heap before
{Heap before GC invocations=507 (full 3):
 PSYoungGen      total 3072K, used 2954K [0x00000000d5580000, 0x00000000d5a00000, 0x0000000100000000)
  eden space 1536K, 100% used [0x00000000d5580000,0x00000000d5700000,0x00000000d5700000)
  from space 1536K, 92% used [0x00000000d5700000,0x00000000d5862a68,0x00000000d5880000)
  to   space 1536K, 0% used [0x00000000d5880000,0x00000000d5880000,0x00000000d5a00000)
 ParOldGen       total 359936K, used 359873K [0x0000000080000000, 0x0000000095f80000, 0x00000000d5580000)
  object space 359936K, 99% used [0x0000000080000000,0x0000000095f70790,0x0000000095f80000)
 Metaspace       used 81075K, committed 82752K, reserved 1179648K
  class space    used 8638K, committed 9344K, reserved 1048576K
}
Event: 904.590 GC heap after
{Heap after GC invocations=507 (full 3):
 PSYoungGen      total 3072K, used 992K [0x00000000d5580000, 0x00000000d5a00000, 0x0000000100000000)
  eden space 1536K, 0% used [0x00000000d5580000,0x00000000d5580000,0x00000000d5700000)
  from space 1536K, 64% used [0x00000000d5880000,0x00000000d5978000,0x00000000d5a00000)
  to   space 1536K, 0% used [0x00000000d5700000,0x00000000d5700000,0x00000000d5880000)
 ParOldGen       total 361472K, used 361076K [0x0000000080000000, 0x0000000096100000, 0x00000000d5580000)
  object space 361472K, 99% used [0x0000000080000000,0x000000009609d2f0,0x0000000096100000)
 Metaspace       used 81075K, committed 82752K, reserved 1179648K
  class space    used 8638K, committed 9344K, reserved 1048576K
}
Event: 1095.658 GC heap before
{Heap before GC invocations=508 (full 3):
 PSYoungGen      total 3072K, used 2528K [0x00000000d5580000, 0x00000000d5a00000, 0x0000000100000000)
  eden space 1536K, 100% used [0x00000000d5580000,0x00000000d5700000,0x00000000d5700000)
  from space 1536K, 64% used [0x00000000d5880000,0x00000000d5978000,0x00000000d5a00000)
  to   space 1536K, 0% used [0x00000000d5700000,0x00000000d5700000,0x00000000d5880000)
 ParOldGen       total 361472K, used 361076K [0x0000000080000000, 0x0000000096100000, 0x00000000d5580000)
  object space 361472K, 99% used [0x0000000080000000,0x000000009609d2f0,0x0000000096100000)
 Metaspace       used 81080K, committed 82752K, reserved 1179648K
  class space    used 8638K, committed 9344K, reserved 1048576K
}
Event: 1096.043 GC heap after
{Heap after GC invocations=508 (full 3):
 PSYoungGen      total 2048K, used 352K [0x00000000d5580000, 0x00000000d5900000, 0x0000000100000000)
  eden space 1536K, 0% used [0x00000000d5580000,0x00000000d5580000,0x00000000d5700000)
  from space 512K, 68% used [0x00000000d5700000,0x00000000d5758000,0x00000000d5780000)
  to   space 1024K, 0% used [0x00000000d5800000,0x00000000d5800000,0x00000000d5900000)
 ParOldGen       total 361984K, used 361859K [0x0000000080000000, 0x0000000096180000, 0x00000000d5580000)
  object space 361984K, 99% used [0x0000000080000000,0x0000000096160d60,0x0000000096180000)
 Metaspace       used 81080K, committed 82752K, reserved 1179648K
  class space    used 8638K, committed 9344K, reserved 1048576K
}
Event: 1156.684 GC heap before
{Heap before GC invocations=509 (full 3):
 PSYoungGen      total 2048K, used 1887K [0x00000000d5580000, 0x00000000d5900000, 0x0000000100000000)
  eden space 1536K, 99% used [0x00000000d5580000,0x00000000d56fffd8,0x00000000d5700000)
  from space 512K, 68% used [0x00000000d5700000,0x00000000d5758000,0x00000000d5780000)
  to   space 1024K, 0% used [0x00000000d5800000,0x00000000d5800000,0x00000000d5900000)
 ParOldGen       total 361984K, used 361859K [0x0000000080000000, 0x0000000096180000, 0x00000000d5580000)
  object space 361984K, 99% used [0x0000000080000000,0x0000000096160d60,0x0000000096180000)
 Metaspace       used 81098K, committed 82816K, reserved 1179648K
  class space    used 8638K, committed 9344K, reserved 1048576K
}
Event: 1156.930 GC heap after
{Heap after GC invocations=509 (full 3):
 PSYoungGen      total 2048K, used 256K [0x00000000d5580000, 0x00000000d5880000, 0x0000000100000000)
  eden space 1536K, 0% used [0x00000000d5580000,0x00000000d5580000,0x00000000d5700000)
  from space 512K, 50% used [0x00000000d5800000,0x00000000d5840000,0x00000000d5880000)
  to   space 512K, 0% used [0x00000000d5700000,0x00000000d5700000,0x00000000d5780000)
 ParOldGen       total 362496K, used 362043K [0x0000000080000000, 0x0000000096200000, 0x00000000d5580000)
  object space 362496K, 99% used [0x0000000080000000,0x000000009618ed60,0x0000000096200000)
 Metaspace       used 81098K, committed 82816K, reserved 1179648K
  class space    used 8638K, committed 9344K, reserved 1048576K
}
Event: 1258.113 GC heap before
{Heap before GC invocations=510 (full 3):
 PSYoungGen      total 2048K, used 1792K [0x00000000d5580000, 0x00000000d5880000, 0x0000000100000000)
  eden space 1536K, 100% used [0x00000000d5580000,0x00000000d5700000,0x00000000d5700000)
  from space 512K, 50% used [0x00000000d5800000,0x00000000d5840000,0x00000000d5880000)
  to   space 512K, 0% used [0x00000000d5700000,0x00000000d5700000,0x00000000d5780000)
 ParOldGen       total 362496K, used 362043K [0x0000000080000000, 0x0000000096200000, 0x00000000d5580000)
  object space 362496K, 99% used [0x0000000080000000,0x000000009618ed60,0x0000000096200000)
 Metaspace       used 81168K, committed 82944K, reserved 1179648K
  class space    used 8650K, committed 9408K, reserved 1048576K
}
Event: 1258.283 GC heap after
{Heap after GC invocations=510 (full 3):
 PSYoungGen      total 2048K, used 288K [0x00000000d5580000, 0x00000000d5880000, 0x0000000100000000)
  eden space 1536K, 0% used [0x00000000d5580000,0x00000000d5580000,0x00000000d5700000)
  from space 512K, 56% used [0x00000000d5700000,0x00000000d5748000,0x00000000d5780000)
  to   space 512K, 0% used [0x00000000d5800000,0x00000000d5800000,0x00000000d5880000)
 ParOldGen       total 362496K, used 362091K [0x0000000080000000, 0x0000000096200000, 0x00000000d5580000)
  object space 362496K, 99% used [0x0000000080000000,0x000000009619ad60,0x0000000096200000)
 Metaspace       used 81168K, committed 82944K, reserved 1179648K
  class space    used 8650K, committed 9408K, reserved 1048576K
}

